#
# A fatal error has been detected by the Java Runtime Environment:
#
#  SIGBUS (0xa) at pc=0x000000010c5d14f0, pid=3600, tid=30735
#
# JRE version: OpenJDK Runtime Environment (17.0.2+8) (build 17.0.2+8-86)
# Java VM: OpenJDK 64-Bit Server VM (17.0.2+8-86, mixed mode, sharing, tiered, compressed oops, compressed class ptrs, g1 gc, bsd-aarch64)
# Problematic frame:
# v  ~StubRoutines::SafeFetchN
#
# No core dump will be written. Core dumps have been disabled. To enable core dumping, try "ulimit -c unlimited" before starting Java again
#
# If you would like to submit a bug report, please visit:
#   https://bugreport.java.com/bugreport/crash.jsp
# The crash happened outside the Java Virtual Machine in native code.
# See problematic frame for where to report the bug.
#

---------------  S U M M A R Y ------------

Command Line: -javaagent:/Applications/IntelliJ IDEA.app/Contents/lib/idea_rt.jar=50188:/Applications/IntelliJ IDEA.app/Contents/bin -Dfile.encoding=UTF-8 --module-path=/Users/amy/.m2/repository/org/openjfx/javafx-graphics/17.0.1/javafx-graphics-17.0.1-mac-aarch64.jar:/Users/amy/.m2/repository/org/openjfx/javafx-media/17.0.2/javafx-media-17.0.2-mac-aarch64.jar:/Users/amy/.m2/repository/com/google/inject/guice/5.1.0/guice-5.1.0.jar:/Users/amy/.m2/repository/org/openjfx/javafx-controls/17.0.1/javafx-controls-17.0.1-mac-aarch64.jar:/Users/amy/.m2/repository/org/openjfx/javafx-base/17.0.2/javafx-base-17.0.2-mac-aarch64.jar:/Users/amy/.m2/repository/org/openjfx/javafx-fxml/17.0.1/javafx-fxml-17.0.1-mac-aarch64.jar:/Users/amy/Documents/Peach-OOPD/target/classes:/Users/amy/.m2/repository/com/github/han-yaeger/yaeger/2021.2022.3/yaeger-2021.2022.3.jar -Djdk.module.main=nl.oopd.peach nl.oopd.peach/nl.oopd.peach.Peach

Host: "MacBookAir10,1" arm64 1 MHz, 8 cores, 8G, Darwin 21.3.0, macOS 12.2 (21D49)
Time: Sun Mar 27 15:21:08 2022 CEST elapsed time: 1.853912 seconds (0d 0h 0m 1s)

---------------  T H R E A D  ---------------

Current thread (0x0000000127934200):  JavaThread "InvokeLaterDispatcher" daemon [_thread_in_native, id=30735, stack(0x000000016fbd0000,0x000000016fdd3000)]

Stack: [0x000000016fbd0000,0x000000016fdd3000],  sp=0x000000016fdd2780,  free space=2057k
Native frames: (J=compiled Java code, j=interpreted, Vv=VM code, C=native code)
v  ~StubRoutines::SafeFetchN
V  [libjvm.dylib+0x7a6bcc]  OopStorage::release(oopDesc* const*)+0x20
V  [libjvm.dylib+0x4ba824]  jni_DeleteGlobalRef+0xd8
C  [libglass.dylib+0xab08]  -[GlassRunnable dealloc]+0x34
C  [Foundation+0x84c7c]  -[_NSThreadPerformInfo dealloc]+0x30
C  [Foundation+0x51578]  -[NSObject(NSThreadPerformAdditions) performSelectorOnMainThread:withObject:waitUntilDone:]+0x88
C  0xc82500010c5d98ac
j  com.sun.glass.ui.mac.MacApplication.submitForLaterInvocation(Ljava/lang/Runnable;)V+2 javafx.graphics
j  com.sun.glass.ui.InvokeLaterDispatcher.run()V+82 javafx.graphics
v  ~StubRoutines::call_stub
V  [libjvm.dylib+0x461d08]  JavaCalls::call_helper(JavaValue*, methodHandle const&, JavaCallArguments*, JavaThread*)+0x38c
V  [libjvm.dylib+0x460d24]  JavaCalls::call_virtual(JavaValue*, Klass*, Symbol*, Symbol*, JavaCallArguments*, JavaThread*)+0x11c
V  [libjvm.dylib+0x460df0]  JavaCalls::call_virtual(JavaValue*, Handle, Klass*, Symbol*, Symbol*, JavaThread*)+0x64
V  [libjvm.dylib+0x515f04]  thread_entry(JavaThread*, JavaThread*)+0xc4
V  [libjvm.dylib+0x9071ac]  JavaThread::thread_main_inner()+0x13c
V  [libjvm.dylib+0x9058c0]  Thread::call_run()+0x128
V  [libjvm.dylib+0x7ad7c8]  thread_native_entry(Thread*)+0x158
C  [libsystem_pthread.dylib+0x7240]  _pthread_start+0x94

Java frames: (J=compiled Java code, j=interpreted, Vv=VM code)
j  com.sun.glass.ui.mac.MacApplication._submitForLaterInvocation(Ljava/lang/Runnable;)V+0 javafx.graphics
j  com.sun.glass.ui.mac.MacApplication.submitForLaterInvocation(Ljava/lang/Runnable;)V+2 javafx.graphics
j  com.sun.glass.ui.InvokeLaterDispatcher.run()V+82 javafx.graphics
v  ~StubRoutines::call_stub

siginfo: si_signo: 10 (SIGBUS), si_code: 1 (BUS_ADRALN), si_addr: 0x000000010c5d14f0

Register to memory mapping:

 x0=0x0000000157609308 is a global jni handle
 x1=0x0 is NULL
 x2=0x00000007869eae10 is an oop: com.sun.glass.ui.InvokeLaterDispatcher$Future 
{0x00000007869eae10} - klass: 'com/sun/glass/ui/InvokeLaterDispatcher$Future'
 - ---- fields (total size 3 words):
 - private 'done' 'Z' @12  true
 - private final 'runnable' 'Ljava/lang/Runnable;' @16  a 'com/sun/javafx/application/PlatformImpl$$Lambda$112+0x0000000800c83108'{0x00000007865de798} (f0cbbcf3)
 - final synthetic 'this$0' 'Lcom/sun/glass/ui/InvokeLaterDispatcher;' @20  a 'com/sun/glass/ui/InvokeLaterDispatcher'{0x000000078682aaa0} (f0d05554)
 x3=0x0 is NULL
 x4=0x00000000000130a8 is an unknown value
 x5=0x0 is NULL
 x6=0x0 is NULL
 x7=0x0 is NULL
 x8=0x000000010c5d14ec is at begin+0 in a stub
StubRoutines::SafeFetchN [0x000000010c5d14ec, 0x000000010c5d14f8] (12 bytes)
 x9=0x0 is NULL
x10=0x2010000030300000 is an unknown value
x11=0x0000000000000007 is an unknown value
x12=0x0000000000000007 is an unknown value
x13=0x0000600001e4c160 points into unknown readable memory: 0xf516000189fad738 | 38 d7 fa 89 01 00 16 f5
x14=0x0000000000000001 is an unknown value
x15=0x00000001243f9f98: OBJC_CLASS_$_GlassRunnable+0 in /Users/amy/.openjfx/cache/17.0.2-ea/libglass.dylib at 0x00000001243b4000
x16=0x000000018901c094: pthread_getspecific+0 in /usr/lib/system/libsystem_pthread.dylib at 0x000000018901a000
x17=0x0000600001445500 points into unknown readable memory: 0xfffffffffffffffe | fe ff ff ff ff ff ff ff
x18=0x0 is NULL
x19=0x0000600001b54770 points into unknown readable memory: 0x0000600003241670 | 70 16 24 03 00 60 00 00
x20=0x0000000157609100 points into unknown readable memory: 0x00000001e2de45e8 | e8 45 de e2 01 00 00 00
x21=0x0000000157609308 is a global jni handle
x22=0x0000000127934200 is a thread
x23=0x0000000000000001 is an unknown value
x24=0x00000001576092c0 is a global jni handle
x25=0x0000000104a915e8: _ZN12StubRoutines17_safefetchN_entryE+0 in /Users/amy/Library/Java/JavaVirtualMachines/openjdk-17.0.2/Contents/Home/lib/server/libjvm.dylib at 0x0000000103ee0000
x26=0x0000000121d1ac60 is pointing into metadata
x27=0x0 is NULL
x28=0x0000000127934200 is a thread


Registers:
 x0=0x0000000157609308  x1=0x0000000000000000  x2=0x00000007869eae10  x3=0x0000000000000000
 x4=0x00000000000130a8  x5=0x0000000000000000  x6=0x0000000000000000  x7=0x0000000000000000
 x8=0x000000010c5d14ec  x9=0x0000000000000000 x10=0x2010000030300000 x11=0x0000000000000007
x12=0x0000000000000007 x13=0x0000600001e4c160 x14=0x0000000000000001 x15=0x00000001243f9f98
x16=0x000000018901c094 x17=0x0000600001445500 x18=0x0000000000000000 x19=0x0000600001b54770
x20=0x0000000157609100 x21=0x0000000157609308 x22=0x0000000127934200 x23=0x0000000000000001
x24=0x00000001576092c0 x25=0x0000000104a915e8 x26=0x0000000121d1ac60 x27=0x0000000000000000
x28=0x0000000127934200  fp=0x000000016fdd27c0  lr=0x000000010468599c  sp=0x000000016fdd2780
pc=0x000000010c5d14f0 cpsr=0x0000000060001000
Top of Stack: (sp=0x000000016fdd2780)
0x000000016fdd2780:   0000000121d1ac60 0000000000000001
0x000000016fdd2790:   000000016fdd2988 0000000000000000
0x000000016fdd27a0:   0000000147a238a8 00000001576092f0
0x000000016fdd27b0:   00000001576092f0 0000600001b54770
0x000000016fdd27c0:   000000016fdd2800 0000000104686bcc
0x000000016fdd27d0:   0000000000000001 00000001576092f0
0x000000016fdd27e0:   0000000147a238a8 00000001576092f0
0x000000016fdd27f0:   0000000000000001 0000000147a23600
0x000000016fdd2800:   000000016fdd2840 000000010439a824
0x000000016fdd2810:   000000016fdd2988 0000600003244670
0x000000016fdd2820:   00006000032446a0 00000001d35969e3
0x000000016fdd2830:   0000000000000000 00006000032446a0
0x000000016fdd2840:   000000016fdd2870 00000001243beb08
0x000000016fdd2850:   896536a659240022 0000000000000000
0x000000016fdd2860:   0000000000000000 0000600002559c80
0x000000016fdd2870:   000000016fdd28b0 0000000189fe0c7c
0x000000016fdd2880:   000000016fdd2988 0000600003244670
0x000000016fdd2890:   00006000032446a0 896536a659240022
0x000000016fdd28a0:   0000000000000000 0000000000000000
0x000000016fdd28b0:   000000016fdd28f0 e151800189fad578
0x000000016fdd28c0:   000000016fdd2988 000000010c5d87c0
0x000000016fdd28d0:   0000000000000000 0000000104a98fa8
0x000000016fdd28e0:   000000016fdd2900 000000010c5d7730
0x000000016fdd28f0:   000000016fdd2960 c82500010c5d98ac
0x000000016fdd2900:   000000016fdd2968 00000001219c76a8
0x000000016fdd2910:   000000016fdd2910 0000000000000000
0x000000016fdd2920:   000000016fdd2988 0000000121d1ac60
0x000000016fdd2930:   0000000786807b00 0000000000000000
0x000000016fdd2940:   0000000000000000 0000000121cf3178
0x000000016fdd2950:   0000000000000000 000000016fdd2960
0x000000016fdd2960:   000000016fdd29e0 000000010c5d5fc8
0x000000016fdd2970:   0000000000000000 0000000000000000 

Instructions: (pc=0x000000010c5d14f0)
0x000000010c5d13f0:   f2a094a9 f2c00029 6d425935 1e640886
0x000000010c5d1400:   0c402d31 1e6408c7 1f5654d0 1e6c1017
0x000000010c5d1410:   1f5050d0 1f504cd0 1f5048d0 1e650af6
0x000000010c5d1420:   1f50d8f6 1f5694d6 1f5158f6 1e762880
0x000000010c5d1430:   36000501 1e614000 14000026 2e251ca5
0x000000010c5d1440:   d29c3009 f2a094a9 f2c00029 6d425d36
0x000000010c5d1450:   1e600806 0c402d32 1f5758c7 1e6c101a
0x000000010c5d1460:   1f4754c7 1e650805 1f4750c7 d2866668
0x000000010c5d1470:   f2a7fa68 1f474cc7 1e6608c0 1f4748c7
0x000000010c5d1480:   1e6e1019 eb08007f 540000ac 1f479400
0x000000010c5d1490:   1f460340 1e603b20 1400000e d2a7fd29
0x000000010c5d14a0:   eb09007f 540000ac 51480069 d3607d29
0x000000010c5d14b0:   9e670121 14000002 1e6a5001 1f679417
0x000000010c5d14c0:   1f668742 1e613b23 1e773857 1e773860
0x000000010c5d14d0:   a8c17ff3 910003bf a8c17bfd d65f03c0
0x000000010c5d14e0:   b9400001 aa0103e0 d65f03c0 f9400001
0x000000010c5d14f0:   aa0103e0 d65f03c0 00000000 00000000
0x000000010c5d1500:   00000000 00000000 00000000 00000000
0x000000010c5d1510:   00000000 00000000 00000000 00000000
0x000000010c5d1520:   00000000 00000000 00000000 00000000
0x000000010c5d1530:   00000000 00000000 00000000 00000000
0x000000010c5d1540:   00000000 00000000 00000000 00000000
0x000000010c5d1550:   00000000 00000000 00000000 00000000
0x000000010c5d1560:   00000000 00000000 00000000 00000000
0x000000010c5d1570:   00000000 00000000 00000000 00000000
0x000000010c5d1580:   00000000 00000000 00000000 00000000
0x000000010c5d1590:   00000000 00000000 00000000 00000000
0x000000010c5d15a0:   00000000 00000000 00000000 00000000
0x000000010c5d15b0:   00000000 00000000 00000000 00000000
0x000000010c5d15c0:   00000000 00000000 00000000 00000000
0x000000010c5d15d0:   00000000 00000000 00000000 00000000
0x000000010c5d15e0:   00000000 00000000 00000000 00000000 


Stack slot to memory mapping:
stack at sp + 0 slots: 0x0000000121d1ac60 is pointing into metadata
stack at sp + 1 slots: 0x0000000000000001 is an unknown value
stack at sp + 2 slots: 0x000000016fdd2988 is pointing into the stack for thread: 0x0000000127934200
stack at sp + 3 slots: 0x0 is NULL
stack at sp + 4 slots: 0x0000000147a238a8 points into unknown readable memory: 0x0000000104a4e738 | 38 e7 a4 04 01 00 00 00
stack at sp + 5 slots: 0x00000001576092f0 is a global jni handle
stack at sp + 6 slots: 0x00000001576092f0 is a global jni handle
stack at sp + 7 slots: 0x0000600001b54770 points into unknown readable memory: 0x0000600003241670 | 70 16 24 03 00 60 00 00

StubRoutines::SafeFetchN [0x000000010c5d14ec, 0x000000010c5d14f8] (12 bytes)
[MachCode]
  0x000000010c5d14ec: 0100 40f9 | e003 01aa | c003 5fd6 
[/MachCode]

---------------  P R O C E S S  ---------------

Threads class SMR info:
_java_thread_list=0x0000600003081740, length=18, elements={
0x0000000147812000, 0x000000015780f000, 0x000000015780f600, 0x000000015781ae00,
0x000000015880c600, 0x000000015880cc00, 0x000000015880d200, 0x000000015880d800,
0x000000015880a600, 0x0000000130008200, 0x0000000157817c00, 0x000000015786e800,
0x0000000158814400, 0x0000000127934200, 0x0000000147a23600, 0x0000000158900000,
0x00000001588e1200, 0x00000001579b8800
}

Java Threads: ( => current thread )
  0x0000000147812000 JavaThread "main" [_thread_blocked, id=9731, stack(0x000000016d13c000,0x000000016d33f000)]
  0x000000015780f000 JavaThread "Reference Handler" daemon [_thread_blocked, id=15875, stack(0x000000016df90000,0x000000016e193000)]
  0x000000015780f600 JavaThread "Finalizer" daemon [_thread_blocked, id=17155, stack(0x000000016e19c000,0x000000016e39f000)]
  0x000000015781ae00 JavaThread "Signal Dispatcher" daemon [_thread_blocked, id=42243, stack(0x000000016e54c000,0x000000016e74f000)]
  0x000000015880c600 JavaThread "Service Thread" daemon [_thread_blocked, id=41987, stack(0x000000016e758000,0x000000016e95b000)]
  0x000000015880cc00 JavaThread "Monitor Deflation Thread" daemon [_thread_blocked, id=23299, stack(0x000000016e964000,0x000000016eb67000)]
  0x000000015880d200 JavaThread "C2 CompilerThread0" daemon [_thread_blocked, id=23811, stack(0x000000016eb70000,0x000000016ed73000)]
  0x000000015880d800 JavaThread "C1 CompilerThread0" daemon [_thread_blocked, id=24323, stack(0x000000016ed7c000,0x000000016ef7f000)]
  0x000000015880a600 JavaThread "Sweeper thread" daemon [_thread_blocked, id=41219, stack(0x000000016ef88000,0x000000016f18b000)]
  0x0000000130008200 JavaThread "Common-Cleaner" daemon [_thread_blocked, id=40963, stack(0x000000016f194000,0x000000016f397000)]
  0x0000000157817c00 JavaThread "Monitor Ctrl-Break" daemon [_thread_in_native, id=40707, stack(0x000000016f3a0000,0x000000016f5a3000)]
  0x000000015786e800 JavaThread "Notification Thread" daemon [_thread_blocked, id=40195, stack(0x000000016f5ac000,0x000000016f7af000)]
  0x0000000158814400 JavaThread "QuantumRenderer-0" daemon [_thread_blocked, id=39683, stack(0x000000016f9c4000,0x000000016fbc7000)]
=>0x0000000127934200 JavaThread "InvokeLaterDispatcher" daemon [_thread_in_native, id=30735, stack(0x000000016fbd0000,0x000000016fdd3000)]
  0x0000000147a23600 JavaThread "JavaFX Application Thread" [_thread_in_vm, id=259, stack(0x000000016c8b4000,0x000000016d0b0000)]
  0x0000000158900000 JavaThread "JavaFX-Launcher" [_thread_blocked, id=77315, stack(0x0000000280004000,0x0000000280207000)]
  0x00000001588e1200 JavaThread "PulseTimer-CVDisplayLink thread" daemon [_thread_in_native, id=79883, stack(0x000000016fddc000,0x000000016fe5f000)]
  0x00000001579b8800 JavaThread "Attach Listener" daemon [_thread_blocked, id=1387, stack(0x0000000280d64000,0x0000000280f67000)]

Other Threads:
  0x000000014760dbb0 VMThread "VM Thread" [stack: 0x000000016dd84000,0x000000016df87000] [id=15363]
  0x000000015760ea30 WatcherThread [stack: 0x000000016f7b8000,0x000000016f9bb000] [id=25091]
  0x0000000147606920 GCTaskThread "GC Thread#0" [stack: 0x000000016d348000,0x000000016d54b000] [id=12035]
  0x0000000147651110 GCTaskThread "GC Thread#1" [stack: 0x0000000280210000,0x0000000280413000] [id=56579]
  0x0000000147651590 GCTaskThread "GC Thread#2" [stack: 0x000000028041c000,0x000000028061f000] [id=56835]
  0x0000000147651e00 GCTaskThread "GC Thread#3" [stack: 0x0000000280628000,0x000000028082b000] [id=57347]
  0x0000000147652280 GCTaskThread "GC Thread#4" [stack: 0x0000000280834000,0x0000000280a37000] [id=76547]
  0x0000000147652700 GCTaskThread "GC Thread#5" [stack: 0x0000000280a40000,0x0000000280c43000] [id=57603]
  0x0000000147606fd0 ConcurrentGCThread "G1 Main Marker" [stack: 0x000000016d554000,0x000000016d757000] [id=12547]
  0x0000000147607850 ConcurrentGCThread "G1 Conc#0" [stack: 0x000000016d760000,0x000000016d963000] [id=12803]
  0x00000001476096c0 ConcurrentGCThread "G1 Refine#0" [stack: 0x000000016d96c000,0x000000016db6f000] [id=13315]
  0x0000000147609f60 ConcurrentGCThread "G1 Service" [stack: 0x000000016db78000,0x000000016dd7b000] [id=13827]

Threads with active compile tasks:

VM state: not at safepoint (normal execution)

VM Mutex/Monitor currently owned by a thread: None

Heap address: 0x0000000780000000, size: 2048 MB, Compressed Oops mode: Zero based, Oop shift amount: 3

CDS archive(s) mapped at: [0x0000000800000000-0x0000000800bd4000-0x0000000800bd4000), size 12402688, SharedBaseAddress: 0x0000000800000000, ArchiveRelocationMode: 0.
Compressed class space mapped at: 0x0000000800c00000-0x0000000840c00000, reserved size: 1073741824
Narrow klass base: 0x0000000800000000, Narrow klass shift: 0, Narrow klass range: 0x100000000

GC Precious Log:
 CPUs: 8 total, 8 available
 Memory: 8192M
 Large Page Support: Disabled
 NUMA Support: Disabled
 Compressed Oops: Enabled (Zero based)
 Heap Region Size: 1M
 Heap Min Capacity: 8M
 Heap Initial Capacity: 128M
 Heap Max Capacity: 2G
 Pre-touch: Disabled
 Parallel Workers: 8
 Concurrent Workers: 2
 Concurrent Refinement Workers: 8
 Periodic GC: Disabled

Heap:
 garbage-first heap   total 133120K, used 43249K [0x0000000780000000, 0x0000000800000000)
  region size 1024K, 31 young (31744K), 3 survivors (3072K)
 Metaspace       used 13793K, committed 14080K, reserved 1064960K
  class space    used 1920K, committed 2048K, reserved 1048576K

Heap Regions: E=young(eden), S=young(survivor), O=old, HS=humongous(starts), HC=humongous(continues), CS=collection set, F=free, OA=open archive, CA=closed archive, TAMS=top-at-mark-start (previous, next)
|   0|0x0000000780000000, 0x0000000780044400, 0x0000000780100000| 26%| O|  |TAMS 0x0000000780000000, 0x0000000780000000| Untracked 
|   1|0x0000000780100000, 0x0000000780200000, 0x0000000780200000|100%|HS|  |TAMS 0x0000000780100000, 0x0000000780100000| Complete 
|   2|0x0000000780200000, 0x0000000780300000, 0x0000000780300000|100%|HC|  |TAMS 0x0000000780200000, 0x0000000780200000| Complete 
|   3|0x0000000780300000, 0x0000000780400000, 0x0000000780400000|100%|HC|  |TAMS 0x0000000780300000, 0x0000000780300000| Complete 
|   4|0x0000000780400000, 0x0000000780500000, 0x0000000780500000|100%|HC|  |TAMS 0x0000000780400000, 0x0000000780400000| Complete 
|   5|0x0000000780500000, 0x0000000780600000, 0x0000000780600000|100%|HC|  |TAMS 0x0000000780500000, 0x0000000780500000| Complete 
|   6|0x0000000780600000, 0x0000000780700000, 0x0000000780700000|100%|HC|  |TAMS 0x0000000780600000, 0x0000000780600000| Complete 
|   7|0x0000000780700000, 0x0000000780800000, 0x0000000780800000|100%|HC|  |TAMS 0x0000000780700000, 0x0000000780700000| Complete 
|   8|0x0000000780800000, 0x0000000780900000, 0x0000000780900000|100%|HS|  |TAMS 0x0000000780800000, 0x0000000780800000| Complete 
|   9|0x0000000780900000, 0x0000000780a00000, 0x0000000780a00000|100%|HC|  |TAMS 0x0000000780900000, 0x0000000780900000| Complete 
|  10|0x0000000780a00000, 0x0000000780b00000, 0x0000000780b00000|100%|HC|  |TAMS 0x0000000780a00000, 0x0000000780a00000| Complete 
|  11|0x0000000780b00000, 0x0000000780c00000, 0x0000000780c00000|100%|HC|  |TAMS 0x0000000780b00000, 0x0000000780b00000| Complete 
|  12|0x0000000780c00000, 0x0000000780c00000, 0x0000000780d00000|  0%| F|  |TAMS 0x0000000780c00000, 0x0000000780c00000| Untracked 
|  13|0x0000000780d00000, 0x0000000780d00000, 0x0000000780e00000|  0%| F|  |TAMS 0x0000000780d00000, 0x0000000780d00000| Untracked 
|  14|0x0000000780e00000, 0x0000000780e00000, 0x0000000780f00000|  0%| F|  |TAMS 0x0000000780e00000, 0x0000000780e00000| Untracked 
|  15|0x0000000780f00000, 0x0000000780f00000, 0x0000000781000000|  0%| F|  |TAMS 0x0000000780f00000, 0x0000000780f00000| Untracked 
|  16|0x0000000781000000, 0x0000000781000000, 0x0000000781100000|  0%| F|  |TAMS 0x0000000781000000, 0x0000000781000000| Untracked 
|  17|0x0000000781100000, 0x0000000781100000, 0x0000000781200000|  0%| F|  |TAMS 0x0000000781100000, 0x0000000781100000| Untracked 
|  18|0x0000000781200000, 0x0000000781200000, 0x0000000781300000|  0%| F|  |TAMS 0x0000000781200000, 0x0000000781200000| Untracked 
|  19|0x0000000781300000, 0x0000000781300000, 0x0000000781400000|  0%| F|  |TAMS 0x0000000781300000, 0x0000000781300000| Untracked 
|  20|0x0000000781400000, 0x0000000781400000, 0x0000000781500000|  0%| F|  |TAMS 0x0000000781400000, 0x0000000781400000| Untracked 
|  21|0x0000000781500000, 0x0000000781500000, 0x0000000781600000|  0%| F|  |TAMS 0x0000000781500000, 0x0000000781500000| Untracked 
|  22|0x0000000781600000, 0x0000000781600000, 0x0000000781700000|  0%| F|  |TAMS 0x0000000781600000, 0x0000000781600000| Untracked 
|  23|0x0000000781700000, 0x0000000781700000, 0x0000000781800000|  0%| F|  |TAMS 0x0000000781700000, 0x0000000781700000| Untracked 
|  24|0x0000000781800000, 0x0000000781800000, 0x0000000781900000|  0%| F|  |TAMS 0x0000000781800000, 0x0000000781800000| Untracked 
|  25|0x0000000781900000, 0x0000000781900000, 0x0000000781a00000|  0%| F|  |TAMS 0x0000000781900000, 0x0000000781900000| Untracked 
|  26|0x0000000781a00000, 0x0000000781a00000, 0x0000000781b00000|  0%| F|  |TAMS 0x0000000781a00000, 0x0000000781a00000| Untracked 
|  27|0x0000000781b00000, 0x0000000781b00000, 0x0000000781c00000|  0%| F|  |TAMS 0x0000000781b00000, 0x0000000781b00000| Untracked 
|  28|0x0000000781c00000, 0x0000000781c00000, 0x0000000781d00000|  0%| F|  |TAMS 0x0000000781c00000, 0x0000000781c00000| Untracked 
|  29|0x0000000781d00000, 0x0000000781d00000, 0x0000000781e00000|  0%| F|  |TAMS 0x0000000781d00000, 0x0000000781d00000| Untracked 
|  30|0x0000000781e00000, 0x0000000781e00000, 0x0000000781f00000|  0%| F|  |TAMS 0x0000000781e00000, 0x0000000781e00000| Untracked 
|  31|0x0000000781f00000, 0x0000000781f00000, 0x0000000782000000|  0%| F|  |TAMS 0x0000000781f00000, 0x0000000781f00000| Untracked 
|  32|0x0000000782000000, 0x0000000782000000, 0x0000000782100000|  0%| F|  |TAMS 0x0000000782000000, 0x0000000782000000| Untracked 
|  33|0x0000000782100000, 0x0000000782100000, 0x0000000782200000|  0%| F|  |TAMS 0x0000000782100000, 0x0000000782100000| Untracked 
|  34|0x0000000782200000, 0x0000000782200000, 0x0000000782300000|  0%| F|  |TAMS 0x0000000782200000, 0x0000000782200000| Untracked 
|  35|0x0000000782300000, 0x0000000782300000, 0x0000000782400000|  0%| F|  |TAMS 0x0000000782300000, 0x0000000782300000| Untracked 
|  36|0x0000000782400000, 0x0000000782400000, 0x0000000782500000|  0%| F|  |TAMS 0x0000000782400000, 0x0000000782400000| Untracked 
|  37|0x0000000782500000, 0x0000000782500000, 0x0000000782600000|  0%| F|  |TAMS 0x0000000782500000, 0x0000000782500000| Untracked 
|  38|0x0000000782600000, 0x0000000782600000, 0x0000000782700000|  0%| F|  |TAMS 0x0000000782600000, 0x0000000782600000| Untracked 
|  39|0x0000000782700000, 0x0000000782700000, 0x0000000782800000|  0%| F|  |TAMS 0x0000000782700000, 0x0000000782700000| Untracked 
|  40|0x0000000782800000, 0x0000000782800000, 0x0000000782900000|  0%| F|  |TAMS 0x0000000782800000, 0x0000000782800000| Untracked 
|  41|0x0000000782900000, 0x0000000782900000, 0x0000000782a00000|  0%| F|  |TAMS 0x0000000782900000, 0x0000000782900000| Untracked 
|  42|0x0000000782a00000, 0x0000000782a00000, 0x0000000782b00000|  0%| F|  |TAMS 0x0000000782a00000, 0x0000000782a00000| Untracked 
|  43|0x0000000782b00000, 0x0000000782b00000, 0x0000000782c00000|  0%| F|  |TAMS 0x0000000782b00000, 0x0000000782b00000| Untracked 
|  44|0x0000000782c00000, 0x0000000782c00000, 0x0000000782d00000|  0%| F|  |TAMS 0x0000000782c00000, 0x0000000782c00000| Untracked 
|  45|0x0000000782d00000, 0x0000000782d00000, 0x0000000782e00000|  0%| F|  |TAMS 0x0000000782d00000, 0x0000000782d00000| Untracked 
|  46|0x0000000782e00000, 0x0000000782e00000, 0x0000000782f00000|  0%| F|  |TAMS 0x0000000782e00000, 0x0000000782e00000| Untracked 
|  47|0x0000000782f00000, 0x0000000782f00000, 0x0000000783000000|  0%| F|  |TAMS 0x0000000782f00000, 0x0000000782f00000| Untracked 
|  48|0x0000000783000000, 0x0000000783000000, 0x0000000783100000|  0%| F|  |TAMS 0x0000000783000000, 0x0000000783000000| Untracked 
|  49|0x0000000783100000, 0x0000000783100000, 0x0000000783200000|  0%| F|  |TAMS 0x0000000783100000, 0x0000000783100000| Untracked 
|  50|0x0000000783200000, 0x0000000783200000, 0x0000000783300000|  0%| F|  |TAMS 0x0000000783200000, 0x0000000783200000| Untracked 
|  51|0x0000000783300000, 0x0000000783300000, 0x0000000783400000|  0%| F|  |TAMS 0x0000000783300000, 0x0000000783300000| Untracked 
|  52|0x0000000783400000, 0x0000000783400000, 0x0000000783500000|  0%| F|  |TAMS 0x0000000783400000, 0x0000000783400000| Untracked 
|  53|0x0000000783500000, 0x0000000783500000, 0x0000000783600000|  0%| F|  |TAMS 0x0000000783500000, 0x0000000783500000| Untracked 
|  54|0x0000000783600000, 0x0000000783600000, 0x0000000783700000|  0%| F|  |TAMS 0x0000000783600000, 0x0000000783600000| Untracked 
|  55|0x0000000783700000, 0x0000000783700000, 0x0000000783800000|  0%| F|  |TAMS 0x0000000783700000, 0x0000000783700000| Untracked 
|  56|0x0000000783800000, 0x0000000783800000, 0x0000000783900000|  0%| F|  |TAMS 0x0000000783800000, 0x0000000783800000| Untracked 
|  57|0x0000000783900000, 0x0000000783900000, 0x0000000783a00000|  0%| F|  |TAMS 0x0000000783900000, 0x0000000783900000| Untracked 
|  58|0x0000000783a00000, 0x0000000783a00000, 0x0000000783b00000|  0%| F|  |TAMS 0x0000000783a00000, 0x0000000783a00000| Untracked 
|  59|0x0000000783b00000, 0x0000000783b00000, 0x0000000783c00000|  0%| F|  |TAMS 0x0000000783b00000, 0x0000000783b00000| Untracked 
|  60|0x0000000783c00000, 0x0000000783c00000, 0x0000000783d00000|  0%| F|  |TAMS 0x0000000783c00000, 0x0000000783c00000| Untracked 
|  61|0x0000000783d00000, 0x0000000783d00000, 0x0000000783e00000|  0%| F|  |TAMS 0x0000000783d00000, 0x0000000783d00000| Untracked 
|  62|0x0000000783e00000, 0x0000000783e00000, 0x0000000783f00000|  0%| F|  |TAMS 0x0000000783e00000, 0x0000000783e00000| Untracked 
|  63|0x0000000783f00000, 0x0000000783f00000, 0x0000000784000000|  0%| F|  |TAMS 0x0000000783f00000, 0x0000000783f00000| Untracked 
|  64|0x0000000784000000, 0x0000000784000000, 0x0000000784100000|  0%| F|  |TAMS 0x0000000784000000, 0x0000000784000000| Untracked 
|  65|0x0000000784100000, 0x0000000784100000, 0x0000000784200000|  0%| F|  |TAMS 0x0000000784100000, 0x0000000784100000| Untracked 
|  66|0x0000000784200000, 0x0000000784200000, 0x0000000784300000|  0%| F|  |TAMS 0x0000000784200000, 0x0000000784200000| Untracked 
|  67|0x0000000784300000, 0x0000000784300000, 0x0000000784400000|  0%| F|  |TAMS 0x0000000784300000, 0x0000000784300000| Untracked 
|  68|0x0000000784400000, 0x0000000784400000, 0x0000000784500000|  0%| F|  |TAMS 0x0000000784400000, 0x0000000784400000| Untracked 
|  69|0x0000000784500000, 0x0000000784500000, 0x0000000784600000|  0%| F|  |TAMS 0x0000000784500000, 0x0000000784500000| Untracked 
|  70|0x0000000784600000, 0x0000000784600000, 0x0000000784700000|  0%| F|  |TAMS 0x0000000784600000, 0x0000000784600000| Untracked 
|  71|0x0000000784700000, 0x0000000784700000, 0x0000000784800000|  0%| F|  |TAMS 0x0000000784700000, 0x0000000784700000| Untracked 
|  72|0x0000000784800000, 0x0000000784800000, 0x0000000784900000|  0%| F|  |TAMS 0x0000000784800000, 0x0000000784800000| Untracked 
|  73|0x0000000784900000, 0x0000000784900000, 0x0000000784a00000|  0%| F|  |TAMS 0x0000000784900000, 0x0000000784900000| Untracked 
|  74|0x0000000784a00000, 0x0000000784a00000, 0x0000000784b00000|  0%| F|  |TAMS 0x0000000784a00000, 0x0000000784a00000| Untracked 
|  75|0x0000000784b00000, 0x0000000784b00000, 0x0000000784c00000|  0%| F|  |TAMS 0x0000000784b00000, 0x0000000784b00000| Untracked 
|  76|0x0000000784c00000, 0x0000000784c00000, 0x0000000784d00000|  0%| F|  |TAMS 0x0000000784c00000, 0x0000000784c00000| Untracked 
|  77|0x0000000784d00000, 0x0000000784d00000, 0x0000000784e00000|  0%| F|  |TAMS 0x0000000784d00000, 0x0000000784d00000| Untracked 
|  78|0x0000000784e00000, 0x0000000784e00000, 0x0000000784f00000|  0%| F|  |TAMS 0x0000000784e00000, 0x0000000784e00000| Untracked 
|  79|0x0000000784f00000, 0x0000000784f00000, 0x0000000785000000|  0%| F|  |TAMS 0x0000000784f00000, 0x0000000784f00000| Untracked 
|  80|0x0000000785000000, 0x0000000785000000, 0x0000000785100000|  0%| F|  |TAMS 0x0000000785000000, 0x0000000785000000| Untracked 
|  81|0x0000000785100000, 0x0000000785100000, 0x0000000785200000|  0%| F|  |TAMS 0x0000000785100000, 0x0000000785100000| Untracked 
|  82|0x0000000785200000, 0x0000000785200000, 0x0000000785300000|  0%| F|  |TAMS 0x0000000785200000, 0x0000000785200000| Untracked 
|  83|0x0000000785300000, 0x0000000785300000, 0x0000000785400000|  0%| F|  |TAMS 0x0000000785300000, 0x0000000785300000| Untracked 
|  84|0x0000000785400000, 0x0000000785400000, 0x0000000785500000|  0%| F|  |TAMS 0x0000000785400000, 0x0000000785400000| Untracked 
|  85|0x0000000785500000, 0x0000000785500000, 0x0000000785600000|  0%| F|  |TAMS 0x0000000785500000, 0x0000000785500000| Untracked 
|  86|0x0000000785600000, 0x0000000785600000, 0x0000000785700000|  0%| F|  |TAMS 0x0000000785600000, 0x0000000785600000| Untracked 
|  87|0x0000000785700000, 0x0000000785700000, 0x0000000785800000|  0%| F|  |TAMS 0x0000000785700000, 0x0000000785700000| Untracked 
|  88|0x0000000785800000, 0x0000000785800000, 0x0000000785900000|  0%| F|  |TAMS 0x0000000785800000, 0x0000000785800000| Untracked 
|  89|0x0000000785900000, 0x0000000785900000, 0x0000000785a00000|  0%| F|  |TAMS 0x0000000785900000, 0x0000000785900000| Untracked 
|  90|0x0000000785a00000, 0x0000000785a00000, 0x0000000785b00000|  0%| F|  |TAMS 0x0000000785a00000, 0x0000000785a00000| Untracked 
|  91|0x0000000785b00000, 0x0000000785b00000, 0x0000000785c00000|  0%| F|  |TAMS 0x0000000785b00000, 0x0000000785b00000| Untracked 
|  92|0x0000000785c00000, 0x0000000785c00000, 0x0000000785d00000|  0%| F|  |TAMS 0x0000000785c00000, 0x0000000785c00000| Untracked 
|  93|0x0000000785d00000, 0x0000000785d00000, 0x0000000785e00000|  0%| F|  |TAMS 0x0000000785d00000, 0x0000000785d00000| Untracked 
|  94|0x0000000785e00000, 0x0000000785e00000, 0x0000000785f00000|  0%| F|  |TAMS 0x0000000785e00000, 0x0000000785e00000| Untracked 
|  95|0x0000000785f00000, 0x0000000785f00000, 0x0000000786000000|  0%| F|  |TAMS 0x0000000785f00000, 0x0000000785f00000| Untracked 
|  96|0x0000000786000000, 0x0000000786000000, 0x0000000786100000|  0%| F|  |TAMS 0x0000000786000000, 0x0000000786000000| Untracked 
|  97|0x0000000786100000, 0x0000000786174de0, 0x0000000786200000| 45%| E|  |TAMS 0x0000000786100000, 0x0000000786100000| Complete 
|  98|0x0000000786200000, 0x0000000786300000, 0x0000000786300000|100%| E|CS|TAMS 0x0000000786200000, 0x0000000786200000| Complete 
|  99|0x0000000786300000, 0x0000000786400000, 0x0000000786400000|100%| E|CS|TAMS 0x0000000786300000, 0x0000000786300000| Complete 
| 100|0x0000000786400000, 0x0000000786500000, 0x0000000786500000|100%| E|CS|TAMS 0x0000000786400000, 0x0000000786400000| Complete 
| 101|0x0000000786500000, 0x0000000786600000, 0x0000000786600000|100%| E|CS|TAMS 0x0000000786500000, 0x0000000786500000| Complete 
| 102|0x0000000786600000, 0x0000000786700000, 0x0000000786700000|100%| S|CS|TAMS 0x0000000786600000, 0x0000000786600000| Complete 
| 103|0x0000000786700000, 0x0000000786800000, 0x0000000786800000|100%| S|CS|TAMS 0x0000000786700000, 0x0000000786700000| Complete 
| 104|0x0000000786800000, 0x0000000786900000, 0x0000000786900000|100%| S|CS|TAMS 0x0000000786800000, 0x0000000786800000| Complete 
| 105|0x0000000786900000, 0x0000000786a00000, 0x0000000786a00000|100%| E|CS|TAMS 0x0000000786900000, 0x0000000786900000| Complete 
| 106|0x0000000786a00000, 0x0000000786b00000, 0x0000000786b00000|100%| E|CS|TAMS 0x0000000786a00000, 0x0000000786a00000| Complete 
| 107|0x0000000786b00000, 0x0000000786c00000, 0x0000000786c00000|100%| E|CS|TAMS 0x0000000786b00000, 0x0000000786b00000| Complete 
| 108|0x0000000786c00000, 0x0000000786d00000, 0x0000000786d00000|100%| E|CS|TAMS 0x0000000786c00000, 0x0000000786c00000| Complete 
| 109|0x0000000786d00000, 0x0000000786e00000, 0x0000000786e00000|100%| E|CS|TAMS 0x0000000786d00000, 0x0000000786d00000| Complete 
| 110|0x0000000786e00000, 0x0000000786f00000, 0x0000000786f00000|100%| E|CS|TAMS 0x0000000786e00000, 0x0000000786e00000| Complete 
| 111|0x0000000786f00000, 0x0000000787000000, 0x0000000787000000|100%| E|CS|TAMS 0x0000000786f00000, 0x0000000786f00000| Complete 
| 112|0x0000000787000000, 0x0000000787100000, 0x0000000787100000|100%| E|CS|TAMS 0x0000000787000000, 0x0000000787000000| Complete 
| 113|0x0000000787100000, 0x0000000787200000, 0x0000000787200000|100%| E|CS|TAMS 0x0000000787100000, 0x0000000787100000| Complete 
| 114|0x0000000787200000, 0x0000000787300000, 0x0000000787300000|100%| E|CS|TAMS 0x0000000787200000, 0x0000000787200000| Complete 
| 115|0x0000000787300000, 0x0000000787400000, 0x0000000787400000|100%| E|CS|TAMS 0x0000000787300000, 0x0000000787300000| Complete 
| 116|0x0000000787400000, 0x0000000787500000, 0x0000000787500000|100%| E|CS|TAMS 0x0000000787400000, 0x0000000787400000| Complete 
| 117|0x0000000787500000, 0x0000000787600000, 0x0000000787600000|100%| E|CS|TAMS 0x0000000787500000, 0x0000000787500000| Complete 
| 118|0x0000000787600000, 0x0000000787700000, 0x0000000787700000|100%| E|CS|TAMS 0x0000000787600000, 0x0000000787600000| Complete 
| 119|0x0000000787700000, 0x0000000787800000, 0x0000000787800000|100%| E|CS|TAMS 0x0000000787700000, 0x0000000787700000| Complete 
| 120|0x0000000787800000, 0x0000000787900000, 0x0000000787900000|100%| E|CS|TAMS 0x0000000787800000, 0x0000000787800000| Complete 
| 121|0x0000000787900000, 0x0000000787a00000, 0x0000000787a00000|100%| E|CS|TAMS 0x0000000787900000, 0x0000000787900000| Complete 
| 122|0x0000000787a00000, 0x0000000787b00000, 0x0000000787b00000|100%| E|CS|TAMS 0x0000000787a00000, 0x0000000787a00000| Complete 
| 123|0x0000000787b00000, 0x0000000787c00000, 0x0000000787c00000|100%| E|CS|TAMS 0x0000000787b00000, 0x0000000787b00000| Complete 
| 124|0x0000000787c00000, 0x0000000787d00000, 0x0000000787d00000|100%| E|CS|TAMS 0x0000000787c00000, 0x0000000787c00000| Complete 
| 125|0x0000000787d00000, 0x0000000787e00000, 0x0000000787e00000|100%| E|CS|TAMS 0x0000000787d00000, 0x0000000787d00000| Complete 
| 126|0x0000000787e00000, 0x0000000787f00000, 0x0000000787f00000|100%| E|CS|TAMS 0x0000000787e00000, 0x0000000787e00000| Complete 
| 127|0x0000000787f00000, 0x0000000788000000, 0x0000000788000000|100%| E|CS|TAMS 0x0000000787f00000, 0x0000000787f00000| Complete 
|2046|0x00000007ffe00000, 0x00000007ffe78000, 0x00000007fff00000| 46%|OA|  |TAMS 0x00000007ffe00000, 0x00000007ffe00000| Untracked 
|2047|0x00000007fff00000, 0x00000007fff80000, 0x0000000800000000| 50%|CA|  |TAMS 0x00000007fff00000, 0x00000007fff00000| Untracked 

Card table byte_map: [0x000000010366c000,0x0000000103a6c000] _byte_map_base: 0x00000000ffa6c000

Marking Bits (Prev, Next): (CMBitMap*) 0x0000000147839610, (CMBitMap*) 0x0000000147839650
 Prev Bits: [0x000000011b5d0000, 0x000000011d5d0000)
 Next Bits: [0x000000011d5d0000, 0x000000011f5d0000)

Polling page: 0x0000000102dd4000

Metaspace:

Usage:
  Non-class:     11.60 MB used.
      Class:      1.88 MB used.
       Both:     13.47 MB used.

Virtual space:
  Non-class space:       16.00 MB reserved,      11.75 MB ( 73%) committed,  2 nodes.
      Class space:        1.00 GB reserved,       2.00 MB ( <1%) committed,  1 nodes.
             Both:        1.02 GB reserved,      13.75 MB (  1%) committed. 

Chunk freelists:
   Non-Class:  3.70 MB
       Class:  1.94 MB
        Both:  5.64 MB

MaxMetaspaceSize: unlimited
CompressedClassSpaceSize: 1.00 GB
Initial GC threshold: 21.00 MB
Current GC threshold: 21.00 MB
CDS: on
MetaspaceReclaimPolicy: balanced
 - commit_granule_bytes: 65536.
 - commit_granule_words: 8192.
 - virtual_space_node_default_size: 1048576.
 - enlarge_chunks_in_place: 1.
 - new_chunks_are_fully_committed: 0.
 - uncommit_free_chunks: 1.
 - use_allocation_guard: 0.
 - handle_deallocations: 1.


Internal statistics:

num_allocs_failed_limit: 0.
num_arena_births: 196.
num_arena_deaths: 0.
num_vsnodes_births: 3.
num_vsnodes_deaths: 0.
num_space_committed: 220.
num_space_uncommitted: 0.
num_chunks_returned_to_freelist: 0.
num_chunks_taken_from_freelist: 649.
num_chunk_merges: 0.
num_chunk_splits: 444.
num_chunks_enlarged: 348.
num_purges: 0.
num_inconsistent_stats: 0.

CodeHeap 'non-profiled nmethods': size=120032Kb used=657Kb max_used=657Kb free=119374Kb
 bounds [0x0000000114098000, 0x0000000114308000, 0x000000011b5d0000]
CodeHeap 'profiled nmethods': size=120016Kb used=3269Kb max_used=3269Kb free=116746Kb
 bounds [0x000000010cb64000, 0x000000010cea4000, 0x0000000114098000]
CodeHeap 'non-nmethods': size=5712Kb used=1332Kb max_used=1395Kb free=4379Kb
 bounds [0x000000010c5d0000, 0x000000010c840000, 0x000000010cb64000]
 total_blobs=2562 nmethods=1857 adapters=621
 compilation: enabled
              stopped_count=0, restarted_count=0
 full_count=0

Compilation events (20 events):
Event: 1.786 Thread 0x000000015880d200 nmethod 1918 0x000000011413af90 code [0x000000011413b100, 0x000000011413b1a0]
Event: 1.802 Thread 0x000000015880d200 1919       4       com.sun.javafx.geom.Vec3d::set (17 bytes)
Event: 1.803 Thread 0x000000015880d200 nmethod 1919 0x000000011413b290 code [0x000000011413b400, 0x000000011413b4a0]
Event: 1.803 Thread 0x000000015880d800 1920       3       com.sun.prism.es2.ES2Context::updateRawMatrix (197 bytes)
Event: 1.804 Thread 0x000000015880d800 nmethod 1920 0x000000010ce90710 code [0x000000010ce90a00, 0x000000010ce918a8]
Event: 1.804 Thread 0x000000015880d800 1921       3       com.sun.prism.es2.ES2Shader::setMatrix (67 bytes)
Event: 1.804 Thread 0x000000015880d800 nmethod 1921 0x000000010ce91f10 code [0x000000010ce92140, 0x000000010ce92728]
Event: 1.804 Thread 0x000000015880d800 1922       3       com.sun.prism.impl.ps.BaseShaderContext::validateTextureOp (15 bytes)
Event: 1.805 Thread 0x000000015880d800 nmethod 1922 0x000000010ce92910 code [0x000000010ce92ac0, 0x000000010ce92dd8]
Event: 1.805 Thread 0x000000015880d800 1923       3       com.sun.prism.impl.VertexBuffer::addQuad (444 bytes)
Event: 1.805 Thread 0x000000015880d800 nmethod 1923 0x000000010ce92f10 code [0x000000010ce93140, 0x000000010ce93cc8]
Event: 1.835 Thread 0x000000015880d800 1924       3       javafx.beans.property.DoublePropertyBase::get (29 bytes)
Event: 1.836 Thread 0x000000015880d800 nmethod 1924 0x000000010ce94290 code [0x000000010ce94440, 0x000000010ce94718]
Event: 1.836 Thread 0x000000015880d800 1925       3       javafx.scene.Node::isDirtyEmpty (10 bytes)
Event: 1.836 Thread 0x000000015880d800 nmethod 1925 0x000000010ce94810 code [0x000000010ce949c0, 0x000000010ce94c18]
Event: 1.836 Thread 0x000000015880d800 1926       3       com.sun.javafx.scene.NodeHelper::getSubScene (10 bytes)
Event: 1.836 Thread 0x000000015880d800 nmethod 1926 0x000000010ce94d10 code [0x000000010ce94ec0, 0x000000010ce950a8]
Event: 1.836 Thread 0x000000015880d800 1927       3       javafx.scene.Node$1::getSubScene (5 bytes)
Event: 1.836 Thread 0x000000015880d800 nmethod 1927 0x000000010ce95210 code [0x000000010ce953c0, 0x000000010ce95528]
Event: 1.853 Thread 0x000000015880d800 1928       1       javafx.scene.input.MouseEvent::isShiftDown (5 bytes)

GC Heap History (2 events):
Event: 0.338 GC heap before
{Heap before GC invocations=0 (full 0):
 garbage-first heap   total 133120K, used 23520K [0x0000000780000000, 0x0000000800000000)
  region size 1024K, 23 young (23552K), 0 survivors (0K)
 Metaspace       used 6563K, committed 6784K, reserved 1056768K
  class space    used 836K, committed 960K, reserved 1048576K
}
Event: 0.340 GC heap after
{Heap after GC invocations=1 (full 0):
 garbage-first heap   total 133120K, used 4337K [0x0000000780000000, 0x0000000800000000)
  region size 1024K, 3 young (3072K), 3 survivors (3072K)
 Metaspace       used 6563K, committed 6784K, reserved 1056768K
  class space    used 836K, committed 960K, reserved 1048576K
}

Deoptimization events (20 events):
Event: 0.569 Thread 0x0000000147a23600 DEOPT PACKING pc=0x000000010cdd0458 sp=0x000000016d0a9ce0
Event: 0.569 Thread 0x0000000147a23600 DEOPT UNPACKING pc=0x000000010c60eb7c sp=0x000000016d0a99a0 mode 0
Event: 0.569 Thread 0x0000000147a23600 Uncommon trap: trap_request=0xffffff45 fr.pc=0x000000011410288c relative=0x00000000000005cc
Event: 0.569 Thread 0x0000000147a23600 Uncommon trap: reason=unstable_if action=reinterpret pc=0x000000011410288c method=com.sun.javafx.image.impl.ByteBgra$ToByteBgraPreConv.doConvert([BII[BIIII)V @ 31 c2
Event: 0.569 Thread 0x0000000147a23600 DEOPT PACKING pc=0x000000011410288c sp=0x000000016d0a9ce0
Event: 0.569 Thread 0x0000000147a23600 DEOPT UNPACKING pc=0x000000010c60ed1c sp=0x000000016d0a9c90 mode 2
Event: 0.580 Thread 0x0000000147a23600 DEOPT PACKING pc=0x000000010cd518b4 sp=0x000000016d0a9440
Event: 0.580 Thread 0x0000000147a23600 DEOPT UNPACKING pc=0x000000010c60eb7c sp=0x000000016d0a9160 mode 3
Event: 0.581 Thread 0x0000000147a23600 Uncommon trap: trap_request=0xffffffde fr.pc=0x00000001140b6744 relative=0x0000000000000304
Event: 0.581 Thread 0x0000000147a23600 Uncommon trap: reason=class_check action=maybe_recompile pc=0x00000001140b6744 method=java.util.HashMap.putVal(ILjava/lang/Object;Ljava/lang/Object;ZZ)Ljava/lang/Object; @ 253 c2
Event: 0.581 Thread 0x0000000147a23600 DEOPT PACKING pc=0x00000001140b6744 sp=0x000000016d0a9f40
Event: 0.581 Thread 0x0000000147a23600 DEOPT UNPACKING pc=0x000000010c60ed1c sp=0x000000016d0a9e90 mode 2
Event: 1.204 Thread 0x00000001579b8800 Uncommon trap: trap_request=0xffffff45 fr.pc=0x00000001140ed140 relative=0x0000000000000e80
Event: 1.204 Thread 0x00000001579b8800 Uncommon trap: reason=unstable_if action=reinterpret pc=0x00000001140ed140 method=java.util.concurrent.ConcurrentHashMap.putVal(Ljava/lang/Object;Ljava/lang/Object;Z)Ljava/lang/Object; @ 231 c2
Event: 1.204 Thread 0x00000001579b8800 DEOPT PACKING pc=0x00000001140ed140 sp=0x0000000280f658c0
Event: 1.204 Thread 0x00000001579b8800 DEOPT UNPACKING pc=0x000000010c60ed1c sp=0x0000000280f657c0 mode 2
Event: 1.205 Thread 0x00000001579b8800 Uncommon trap: trap_request=0xffffff45 fr.pc=0x00000001140a8d44 relative=0x0000000000000104
Event: 1.205 Thread 0x00000001579b8800 Uncommon trap: reason=unstable_if action=reinterpret pc=0x00000001140a8d44 method=java.lang.StringLatin1.lastIndexOf([BI[BII)I @ 86 c2
Event: 1.205 Thread 0x00000001579b8800 DEOPT PACKING pc=0x00000001140a8d44 sp=0x0000000280f658b0
Event: 1.205 Thread 0x00000001579b8800 DEOPT UNPACKING pc=0x000000010c60ed1c sp=0x0000000280f65810 mode 2

Classes unloaded (0 events):
No events

Classes redefined (0 events):
No events

Internal exceptions (20 events):
Event: 0.450 Thread 0x0000000147a23600 Exception <a 'java/lang/NoSuchMethodError'{0x0000000787282798}: 'java.lang.Object java.lang.invoke.DirectMethodHandle$Holder.newInvokeSpecial(java.lang.Object, java.lang.Object, int)'> (0x0000000787282798) 
thrown [open/src/hotspot/share/interpreter/linkResolver.cpp, line 766]
Event: 0.494 Thread 0x0000000147a23600 Exception <a 'java/lang/NoSuchMethodError'{0x0000000786d1d220}: 'void java.lang.invoke.DirectMethodHandle$Holder.invokeSpecial(java.lang.Object, java.lang.Object, long)'> (0x0000000786d1d220) 
thrown [open/src/hotspot/share/interpreter/linkResolver.cpp, line 766]
Event: 0.495 Thread 0x0000000147a23600 Exception <a 'java/lang/NoSuchMethodError'{0x0000000786d40898}: 'void java.lang.invoke.DirectMethodHandle$Holder.invokeSpecialIFC(java.lang.Object, java.lang.Object, long)'> (0x0000000786d40898) 
thrown [open/src/hotspot/share/interpreter/linkResolver.cpp, line 766]
Event: 0.578 Thread 0x0000000147a23600 Exception <a 'java/lang/NoSuchMethodError'{0x0000000786ac6920}: 'void java.lang.invoke.DirectMethodHandle$Holder.invokeStatic(java.lang.Object, int, java.lang.Object)'> (0x0000000786ac6920) 
thrown [open/src/hotspot/share/interpreter/linkResolver.cpp, line 766]
Event: 0.578 Thread 0x0000000147a23600 Exception <a 'java/lang/NoSuchMethodError'{0x0000000786accfa0}: 'void java.lang.invoke.DirectMethodHandle$Holder.invokeSpecial(java.lang.Object, java.lang.Object, int)'> (0x0000000786accfa0) 
thrown [open/src/hotspot/share/interpreter/linkResolver.cpp, line 766]
Event: 0.578 Thread 0x0000000147a23600 Exception <a 'java/lang/NoSuchMethodError'{0x0000000786ad9958}: 'java.lang.Object java.lang.invoke.DirectMethodHandle$Holder.newInvokeSpecial(java.lang.Object, double)'> (0x0000000786ad9958) 
thrown [open/src/hotspot/share/interpreter/linkResolver.cpp, line 766]
Event: 0.578 Thread 0x0000000147a23600 Exception <a 'java/lang/NoSuchMethodError'{0x0000000786ade3c8}: 'void java.lang.invoke.DirectMethodHandle$Holder.invokeSpecial(java.lang.Object, java.lang.Object, double)'> (0x0000000786ade3c8) 
thrown [open/src/hotspot/share/interpreter/linkResolver.cpp, line 766]
Event: 0.579 Thread 0x0000000147a23600 Exception <a 'java/lang/NoSuchMethodError'{0x0000000786ae45d0}: 'java.lang.Object java.lang.invoke.DirectMethodHandle$Holder.newInvokeSpecial(java.lang.Object, java.lang.Object, double)'> (0x0000000786ae45d0) 
thrown [open/src/hotspot/share/interpreter/linkResolver.cpp, line 766]
Event: 0.579 Thread 0x0000000147a23600 Exception <a 'java/lang/NoSuchMethodError'{0x0000000786ae8740}: 'java.lang.Object java.lang.invoke.DirectMethodHandle$Holder.invokeSpecial(java.lang.Object, java.lang.Object, java.lang.Object, double)'> (0x0000000786ae8740) 
thrown [open/src/hotspot/share/interpreter/linkResolver.cpp, line 766]
Event: 0.579 Thread 0x0000000147a23600 Exception <a 'java/lang/NoSuchMethodError'{0x0000000786af1e78}: 'void java.lang.invoke.DirectMethodHandle$Holder.invokeSpecialIFC(java.lang.Object, java.lang.Object, double)'> (0x0000000786af1e78) 
thrown [open/src/hotspot/share/interpreter/linkResolver.cpp, line 766]
Event: 0.580 Thread 0x0000000147a23600 Exception <a 'java/lang/NoSuchMethodError'{0x00000007869065e0}: 'void java.lang.invoke.DirectMethodHandle$Holder.invokeVirtual(java.lang.Object, java.lang.Object, double)'> (0x00000007869065e0) 
thrown [open/src/hotspot/share/interpreter/linkResolver.cpp, line 766]
Event: 0.581 Thread 0x0000000147a23600 Exception <a 'java/lang/NoSuchMethodError'{0x0000000786933c38}: 'void java.lang.invoke.DirectMethodHandle$Holder.invokeInterface(java.lang.Object, java.lang.Object, long)'> (0x0000000786933c38) 
thrown [open/src/hotspot/share/interpreter/linkResolver.cpp, line 766]
Event: 0.631 Thread 0x0000000147a23600 Exception <a 'java/lang/NoSuchMethodError'{0x00000007865158a0}: 'long java.lang.invoke.DirectMethodHandle$Holder.invokeStatic(java.lang.Object, java.lang.Object, java.lang.Object)'> (0x00000007865158a0) 
thrown [open/src/hotspot/share/interpreter/linkResolver.cpp, line 766]
Event: 0.631 Thread 0x0000000147a23600 Exception <a 'java/lang/NoSuchMethodError'{0x0000000786519048}: 'long java.lang.invoke.DirectMethodHandle$Holder.invokeStaticInit(java.lang.Object, java.lang.Object, java.lang.Object)'> (0x0000000786519048) 
thrown [open/src/hotspot/share/interpreter/linkResolver.cpp, line 766]
Event: 0.632 Thread 0x0000000147a23600 Exception <a 'java/lang/NoSuchMethodError'{0x0000000786530fc8}: 'java.lang.Object java.lang.invoke.DirectMethodHandle$Holder.newInvokeSpecial(java.lang.Object, java.lang.Object, long)'> (0x0000000786530fc8) 
thrown [open/src/hotspot/share/interpreter/linkResolver.cpp, line 766]
Event: 0.632 Thread 0x0000000147a23600 Exception <a 'java/lang/NoSuchMethodError'{0x0000000786534890}: 'java.lang.Object java.lang.invoke.Invokers$Holder.linkToTargetMethod(java.lang.Object, long, java.lang.Object)'> (0x0000000786534890) 
thrown [open/src/hotspot/share/interpreter/linkResolver.cpp, line 766]
Event: 0.632 Thread 0x0000000147a23600 Exception <a 'java/lang/NoSuchMethodError'{0x00000007865382c8}: 'void java.lang.invoke.DirectMethodHandle$Holder.invokeStatic(java.lang.Object, long, java.lang.Object)'> (0x00000007865382c8) 
thrown [open/src/hotspot/share/interpreter/linkResolver.cpp, line 766]
Event: 0.632 Thread 0x0000000147a23600 Exception <a 'java/lang/NoSuchMethodError'{0x000000078653e130}: 'java.lang.Object java.lang.invoke.DirectMethodHandle$Holder.newInvokeSpecial(java.lang.Object, long)'> (0x000000078653e130) 
thrown [open/src/hotspot/share/interpreter/linkResolver.cpp, line 766]
Event: 0.633 Thread 0x0000000147a23600 Exception <a 'java/lang/NoSuchMethodError'{0x0000000786544948}: 'void java.lang.invoke.DirectMethodHandle$Holder.invokeSpecialIFC(java.lang.Object, java.lang.Object, java.lang.Object)'> (0x0000000786544948) 
thrown [open/src/hotspot/share/interpreter/linkResolver.cpp, line 766]
Event: 0.633 Thread 0x0000000147a23600 Exception <a 'java/lang/NoSuchMethodError'{0x0000000786551ab8}: 'int java.lang.invoke.DirectMethodHandle$Holder.invokeVirtual(java.lang.Object, java.lang.Object)'> (0x0000000786551ab8) 
thrown [open/src/hotspot/share/interpreter/linkResolver.cpp, line 766]

VM Operations (20 events):
Event: 0.485 Executing VM operation: ICBufferFull
Event: 0.485 Executing VM operation: ICBufferFull done
Event: 0.485 Executing VM operation: ICBufferFull
Event: 0.485 Executing VM operation: ICBufferFull done
Event: 0.485 Executing VM operation: ICBufferFull
Event: 0.485 Executing VM operation: ICBufferFull done
Event: 0.485 Executing VM operation: ICBufferFull
Event: 0.485 Executing VM operation: ICBufferFull done
Event: 0.485 Executing VM operation: ICBufferFull
Event: 0.485 Executing VM operation: ICBufferFull done
Event: 0.486 Executing VM operation: ICBufferFull
Event: 0.486 Executing VM operation: ICBufferFull done
Event: 0.486 Executing VM operation: ICBufferFull
Event: 0.486 Executing VM operation: ICBufferFull done
Event: 0.503 Executing VM operation: HandshakeAllThreads
Event: 0.503 Executing VM operation: HandshakeAllThreads done
Event: 0.633 Executing VM operation: ICBufferFull
Event: 0.633 Executing VM operation: ICBufferFull done
Event: 0.654 Executing VM operation: HandshakeAllThreads
Event: 0.654 Executing VM operation: HandshakeAllThreads done

Events (20 events):
Event: 1.201 loading class sun/util/cldr/CLDRTimeZoneNameProviderImpl
Event: 1.202 loading class sun/util/locale/provider/TimeZoneNameProviderImpl
Event: 1.202 loading class sun/util/locale/provider/TimeZoneNameProviderImpl done
Event: 1.202 loading class sun/util/cldr/CLDRTimeZoneNameProviderImpl done
Event: 1.204 loading class sun/util/locale/provider/BaseLocaleDataMetaInfo
Event: 1.204 loading class sun/util/locale/provider/BaseLocaleDataMetaInfo done
Event: 1.205 loading class sun/util/resources/cldr/TimeZoneNames
Event: 1.205 loading class sun/util/resources/TimeZoneNamesBundle
Event: 1.205 loading class sun/util/resources/OpenListResourceBundle
Event: 1.205 loading class sun/util/resources/OpenListResourceBundle done
Event: 1.205 loading class sun/util/resources/TimeZoneNamesBundle done
Event: 1.205 loading class sun/util/resources/cldr/TimeZoneNames done
Event: 1.205 loading class sun/util/resources/cldr/TimeZoneNames_en
Event: 1.205 loading class sun/util/resources/cldr/TimeZoneNames_en done
Event: 1.205 loading class sun/util/resources/cldr/TimeZoneNames_en_US
Event: 1.205 loading class sun/util/resources/cldr/TimeZoneNames_en_US done
Event: 1.206 loading class sun/util/resources/TimeZoneNames
Event: 1.207 loading class sun/util/resources/TimeZoneNames done
Event: 1.207 loading class sun/util/resources/TimeZoneNames_en
Event: 1.207 loading class sun/util/resources/TimeZoneNames_en done


Dynamic libraries:
0x0000000102d84000 	/Users/amy/Library/Java/JavaVirtualMachines/openjdk-17.0.2/Contents/Home/lib/libjli.dylib
0x00000001939d1000 	/usr/lib/libz.1.dylib
0x0000000193a81000 	/usr/lib/libSystem.B.dylib
0x0000000193a7b000 	/usr/lib/system/libcache.dylib
0x0000000193a39000 	/usr/lib/system/libcommonCrypto.dylib
0x0000000193a62000 	/usr/lib/system/libcompiler_rt.dylib
0x0000000193a59000 	/usr/lib/system/libcopyfile.dylib
0x0000000188dba000 	/usr/lib/system/libcorecrypto.dylib
0x0000000188e5f000 	/usr/lib/system/libdispatch.dylib
0x0000000189027000 	/usr/lib/system/libdyld.dylib
0x0000000193a71000 	/usr/lib/system/libkeymgr.dylib
0x0000000193a1b000 	/usr/lib/system/libmacho.dylib
0x000000019311b000 	/usr/lib/system/libquarantine.dylib
0x0000000193a6e000 	/usr/lib/system/libremovefile.dylib
0x000000018e1b9000 	/usr/lib/system/libsystem_asl.dylib
0x0000000188d64000 	/usr/lib/system/libsystem_blocks.dylib
0x0000000188ee5000 	/usr/lib/system/libsystem_c.dylib
0x0000000193a66000 	/usr/lib/system/libsystem_collections.dylib
0x00000001925da000 	/usr/lib/system/libsystem_configuration.dylib
0x000000019185e000 	/usr/lib/system/libsystem_containermanager.dylib
0x0000000193782000 	/usr/lib/system/libsystem_coreservices.dylib
0x000000018b74b000 	/usr/lib/system/libsystem_darwin.dylib
0x0000000193a72000 	/usr/lib/system/libsystem_dnssd.dylib
0x0000000188ee2000 	/usr/lib/system/libsystem_featureflags.dylib
0x000000018903c000 	/usr/lib/system/libsystem_info.dylib
0x00000001939e3000 	/usr/lib/system/libsystem_m.dylib
0x0000000188e34000 	/usr/lib/system/libsystem_malloc.dylib
0x000000018e14a000 	/usr/lib/system/libsystem_networkextension.dylib
0x000000018bb9f000 	/usr/lib/system/libsystem_notify.dylib
0x0000000199c85000 	/usr/lib/system/libsystem_product_info_filter.dylib
0x00000001925df000 	/usr/lib/system/libsystem_sandbox.dylib
0x0000000193a6b000 	/usr/lib/system/libsystem_secinit.dylib
0x0000000188fe4000 	/usr/lib/system/libsystem_kernel.dylib
0x0000000189034000 	/usr/lib/system/libsystem_platform.dylib
0x000000018901a000 	/usr/lib/system/libsystem_pthread.dylib
0x000000018f8f6000 	/usr/lib/system/libsystem_symptoms.dylib
0x0000000188da0000 	/usr/lib/system/libsystem_trace.dylib
0x0000000193a46000 	/usr/lib/system/libunwind.dylib
0x0000000188d66000 	/usr/lib/system/libxpc.dylib
0x0000000188fca000 	/usr/lib/libc++abi.dylib
0x0000000188ea6000 	/usr/lib/libobjc.A.dylib
0x0000000193a51000 	/usr/lib/liboah.dylib
0x0000000188f66000 	/usr/lib/libc++.1.dylib
0x000000019f686000 	/System/Library/Frameworks/Cocoa.framework/Versions/A/Cocoa
0x000000018bbff000 	/System/Library/Frameworks/AppKit.framework/Versions/C/AppKit
0x000000018f135000 	/System/Library/Frameworks/CoreData.framework/Versions/A/CoreData
0x0000000189f5c000 	/System/Library/Frameworks/Foundation.framework/Versions/C/Foundation
0x000000018cab6000 	/System/Library/PrivateFrameworks/UIFoundation.framework/Versions/A/UIFoundation
0x000000019997f000 	/System/Library/PrivateFrameworks/RemoteViewServices.framework/Versions/A/RemoteViewServices
0x0000000191f98000 	/System/Library/PrivateFrameworks/XCTTargetBootstrap.framework/Versions/A/XCTTargetBootstrap
0x0000000195782000 	/System/Library/PrivateFrameworks/InternationalSupport.framework/Versions/A/InternationalSupport
0x000000019580b000 	/System/Library/PrivateFrameworks/UserActivity.framework/Versions/A/UserActivity
0x0000000194cb0000 	/usr/lib/libspindump.dylib
0x000000018cd26000 	/System/Library/Frameworks/UniformTypeIdentifiers.framework/Versions/A/UniformTypeIdentifiers
0x0000000190525000 	/usr/lib/libapp_launch_measurement.dylib
0x000000018fa9d000 	/System/Library/PrivateFrameworks/CoreAnalytics.framework/Versions/A/CoreAnalytics
0x0000000190528000 	/System/Library/PrivateFrameworks/CoreAutoLayout.framework/Versions/A/CoreAutoLayout
0x000000019189b000 	/System/Library/Frameworks/Metal.framework/Versions/A/Metal
0x00000001925ea000 	/usr/lib/liblangid.dylib
0x0000000191f9c000 	/System/Library/PrivateFrameworks/CoreSVG.framework/Versions/A/CoreSVG
0x000000018e1ed000 	/System/Library/PrivateFrameworks/SkyLight.framework/Versions/A/SkyLight
0x000000018e5ba000 	/System/Library/Frameworks/CoreGraphics.framework/Versions/A/CoreGraphics
0x0000000199ffd000 	/System/Library/Frameworks/Accelerate.framework/Versions/A/Accelerate
0x0000000194724000 	/System/Library/PrivateFrameworks/IconServices.framework/Versions/A/IconServices
0x000000019187d000 	/System/Library/Frameworks/IOSurface.framework/Versions/A/IOSurface
0x000000018facd000 	/usr/lib/libDiagnosticMessagesClient.dylib
0x000000019d446000 	/System/Library/Frameworks/ApplicationServices.framework/Versions/A/ApplicationServices
0x0000000191f80000 	/System/Library/PrivateFrameworks/DFRFoundation.framework/Versions/A/DFRFoundation
0x000000018b4a0000 	/usr/lib/libicucore.A.dylib
0x0000000196583000 	/System/Library/Frameworks/AudioToolbox.framework/Versions/A/AudioToolbox
0x000000019578e000 	/System/Library/PrivateFrameworks/DataDetectorsCore.framework/Versions/A/DataDetectorsCore
0x00000001ab8dc000 	/System/Library/PrivateFrameworks/TextInput.framework/Versions/A/TextInput
0x000000018e164000 	/usr/lib/libMobileGestalt.dylib
0x0000000191c50000 	/System/Library/Frameworks/Carbon.framework/Versions/A/Frameworks/HIToolbox.framework/Versions/A/HIToolbox
0x000000018ff2e000 	/System/Library/Frameworks/QuartzCore.framework/Versions/A/QuartzCore
0x000000018b11d000 	/System/Library/Frameworks/Security.framework/Versions/A/Security
0x00000001999bf000 	/System/Library/Frameworks/Carbon.framework/Versions/A/Frameworks/SpeechRecognition.framework/Versions/A/SpeechRecognition
0x000000019027c000 	/System/Library/PrivateFrameworks/CoreUI.framework/Versions/A/CoreUI
0x000000018a9ee000 	/System/Library/Frameworks/CoreAudio.framework/Versions/A/CoreAudio
0x000000018fbc1000 	/System/Library/Frameworks/DiskArbitration.framework/Versions/A/DiskArbitration
0x0000000195095000 	/System/Library/PrivateFrameworks/MultitouchSupport.framework/Versions/A/MultitouchSupport
0x000000018e162000 	/usr/lib/libenergytrace.dylib
0x000000018bac9000 	/System/Library/Frameworks/IOKit.framework/Versions/A/IOKit
0x0000000199da8000 	/System/Library/Frameworks/CoreServices.framework/Versions/A/CoreServices
0x00000001904b5000 	/System/Library/PrivateFrameworks/PerformanceAnalysis.framework/Versions/A/PerformanceAnalysis
0x00000001ea489000 	/System/Library/Frameworks/OpenGL.framework/Versions/A/OpenGL
0x000000019303b000 	/System/Library/PrivateFrameworks/MobileKeyBag.framework/Versions/A/MobileKeyBag
0x000000018ebca000 	/System/Library/Frameworks/ColorSync.framework/Versions/A/ColorSync
0x0000000189068000 	/System/Library/Frameworks/CoreFoundation.framework/Versions/A/CoreFoundation
0x000000019221d000 	/System/Library/Frameworks/CoreImage.framework/Versions/A/CoreImage
0x000000018a811000 	/System/Library/Frameworks/CoreText.framework/Versions/A/CoreText
0x0000000191fcc000 	/System/Library/Frameworks/ImageIO.framework/Versions/A/ImageIO
0x0000000193a87000 	/System/Library/PrivateFrameworks/SoftLinking.framework/Versions/A/SoftLinking
0x0000000190572000 	/usr/lib/libxml2.2.dylib
0x0000000193d20000 	/usr/lib/libcompression.dylib
0x00000001956db000 	/System/Library/PrivateFrameworks/TextureIO.framework/Versions/A/TextureIO
0x000000019443e000 	/usr/lib/libate.dylib
0x0000000194306000 	/usr/lib/liblzma.5.dylib
0x0000000189c50000 	/System/Library/Frameworks/SystemConfiguration.framework/Versions/A/SystemConfiguration
0x0000000193a83000 	/usr/lib/libfakelink.dylib
0x000000018dc91000 	/System/Library/Frameworks/CFNetwork.framework/Versions/A/CFNetwork
0x0000000193bca000 	/usr/lib/libarchive.2.dylib
0x00000001925e6000 	/System/Library/PrivateFrameworks/AppleSystemInfo.framework/Versions/A/AppleSystemInfo
0x0000000193146000 	/usr/lib/libbsm.0.dylib
0x000000018d1c9000 	/usr/lib/libnetwork.dylib
0x0000000193a21000 	/usr/lib/system/libkxld.dylib
0x0000000192d5d000 	/System/Library/PrivateFrameworks/IOMobileFramebuffer.framework/Versions/A/IOMobileFramebuffer
0x00000002062ba000 	/usr/lib/libCoreEntitlements.dylib
0x0000000193764000 	/System/Library/PrivateFrameworks/AppleFSCompression.framework/Versions/A/AppleFSCompression
0x000000019312e000 	/usr/lib/libcoretls.dylib
0x000000019431f000 	/usr/lib/libcoretls_cfhelpers.dylib
0x0000000193d1b000 	/usr/lib/libpam.2.dylib
0x000000018f51e000 	/usr/lib/libsqlite3.dylib
0x0000000194387000 	/usr/lib/libxar.1.dylib
0x0000000193775000 	/usr/lib/libbz2.1.0.dylib
0x0000000193a88000 	/usr/lib/libpcap.A.dylib
0x000000018f8ed000 	/usr/lib/libdns_services.dylib
0x0000000193cee000 	/usr/lib/libapple_nghttp2.dylib
0x0000000193ac5000 	/usr/lib/libiconv.2.dylib
0x0000000193a1a000 	/usr/lib/libcharset.1.dylib
0x00000001904f1000 	/System/Library/Frameworks/CoreServices.framework/Versions/A/Frameworks/FSEvents.framework/Versions/A/FSEvents
0x000000018b756000 	/System/Library/Frameworks/CoreServices.framework/Versions/A/Frameworks/CarbonCore.framework/Versions/A/CarbonCore
0x000000018fb24000 	/System/Library/Frameworks/CoreServices.framework/Versions/A/Frameworks/Metadata.framework/Versions/A/Metadata
0x0000000193788000 	/System/Library/Frameworks/CoreServices.framework/Versions/A/Frameworks/OSServices.framework/Versions/A/OSServices
0x0000000193c50000 	/System/Library/Frameworks/CoreServices.framework/Versions/A/Frameworks/SearchKit.framework/Versions/A/SearchKit
0x000000018f87b000 	/System/Library/Frameworks/CoreServices.framework/Versions/A/Frameworks/AE.framework/Versions/A/AE
0x00000001895ac000 	/System/Library/Frameworks/CoreServices.framework/Versions/A/Frameworks/LaunchServices.framework/Versions/A/LaunchServices
0x00000001942af000 	/System/Library/Frameworks/CoreServices.framework/Versions/A/Frameworks/DictionaryServices.framework/Versions/A/DictionaryServices
0x00000001904fe000 	/System/Library/Frameworks/CoreServices.framework/Versions/A/Frameworks/SharedFileList.framework/Versions/A/SharedFileList
0x000000019311e000 	/usr/lib/libCheckFix.dylib
0x000000018e1d1000 	/System/Library/PrivateFrameworks/TCC.framework/Versions/A/TCC
0x00000001925ec000 	/System/Library/PrivateFrameworks/CoreNLP.framework/Versions/A/CoreNLP
0x000000018fad0000 	/System/Library/PrivateFrameworks/MetadataUtilities.framework/Versions/A/MetadataUtilities
0x0000000189d09000 	/usr/lib/libmecabra.dylib
0x0000000193157000 	/usr/lib/libmecab.dylib
0x0000000189cd5000 	/usr/lib/libCRFSuite.dylib
0x00000001931b5000 	/usr/lib/libgermantok.dylib
0x0000000193cc7000 	/usr/lib/libThaiTokenizer.dylib
0x000000018fbc9000 	/System/Library/Frameworks/Accelerate.framework/Versions/A/Frameworks/vImage.framework/Versions/A/vImage
0x0000000199d7f000 	/System/Library/Frameworks/Accelerate.framework/Versions/A/Frameworks/vecLib.framework/Versions/A/vecLib
0x00000001943cb000 	/System/Library/Frameworks/Accelerate.framework/Versions/A/Frameworks/vecLib.framework/Versions/A/libvMisc.dylib
0x0000000192c67000 	/System/Library/Frameworks/Accelerate.framework/Versions/A/Frameworks/vecLib.framework/Versions/A/libvDSP.dylib
0x000000018992f000 	/System/Library/Frameworks/Accelerate.framework/Versions/A/Frameworks/vecLib.framework/Versions/A/libBLAS.dylib
0x0000000193def000 	/System/Library/Frameworks/Accelerate.framework/Versions/A/Frameworks/vecLib.framework/Versions/A/libLAPACK.dylib
0x00000001931b8000 	/System/Library/Frameworks/Accelerate.framework/Versions/A/Frameworks/vecLib.framework/Versions/A/libLinearAlgebra.dylib
0x0000000193d06000 	/System/Library/Frameworks/Accelerate.framework/Versions/A/Frameworks/vecLib.framework/Versions/A/libSparseBLAS.dylib
0x0000000193dea000 	/System/Library/Frameworks/Accelerate.framework/Versions/A/Frameworks/vecLib.framework/Versions/A/libQuadrature.dylib
0x00000001926e3000 	/System/Library/Frameworks/Accelerate.framework/Versions/A/Frameworks/vecLib.framework/Versions/A/libBNNS.dylib
0x0000000189bed000 	/System/Library/Frameworks/Accelerate.framework/Versions/A/Frameworks/vecLib.framework/Versions/A/libSparse.dylib
0x00000001926db000 	/System/Library/PrivateFrameworks/LinguisticData.framework/Versions/A/LinguisticData
0x0000000189ba3000 	/System/Library/PrivateFrameworks/Lexicon.framework/Versions/A/Lexicon
0x00000001943c3000 	/usr/lib/libChineseTokenizer.dylib
0x000000018a34a000 	/System/Library/PrivateFrameworks/LanguageModeling.framework/Versions/A/LanguageModeling
0x0000000193cc9000 	/System/Library/PrivateFrameworks/AppleSauce.framework/Versions/A/AppleSauce
0x0000000192d4a000 	/System/Library/PrivateFrameworks/CoreEmoji.framework/Versions/A/CoreEmoji
0x0000000193bb8000 	/usr/lib/libcmph.dylib
0x00000001904d1000 	/System/Library/Frameworks/OpenDirectory.framework/Versions/A/Frameworks/CFOpenDirectory.framework/Versions/A/CFOpenDirectory
0x00000001904c1000 	/System/Library/Frameworks/OpenDirectory.framework/Versions/A/OpenDirectory
0x0000000194321000 	/System/Library/PrivateFrameworks/APFS.framework/Versions/A/APFS
0x0000000193076000 	/System/Library/Frameworks/SecurityFoundation.framework/Versions/A/SecurityFoundation
0x0000000194395000 	/usr/lib/libutil.dylib
0x000000018ba8b000 	/System/Library/PrivateFrameworks/CoreServicesStore.framework/Versions/A/CoreServicesStore
0x0000000194399000 	/usr/lib/libxslt.1.dylib
0x000000019310a000 	/System/Library/PrivateFrameworks/BackgroundTaskManagement.framework/Versions/A/BackgroundTaskManagement
0x00000001955fc000 	/System/Library/Frameworks/ImageIO.framework/Versions/A/Resources/libRadiance.dylib
0x0000000195605000 	/System/Library/Frameworks/ImageIO.framework/Versions/A/Resources/libJPEG.dylib
0x0000000195557000 	/System/Library/Frameworks/ImageIO.framework/Versions/A/Resources/libPng.dylib
0x0000000195579000 	/System/Library/Frameworks/ImageIO.framework/Versions/A/Resources/libTIFF.dylib
0x0000000195660000 	/System/Library/Frameworks/ImageIO.framework/Versions/A/Resources/libGIF.dylib
0x0000000194fa5000 	/System/Library/Frameworks/ImageIO.framework/Versions/A/Resources/libJP2.dylib
0x00000001946ea000 	/usr/lib/libexpat.1.dylib
0x0000000194f60000 	/System/Library/PrivateFrameworks/AppleJPEG.framework/Versions/A/AppleJPEG
0x0000000191b0f000 	/System/Library/PrivateFrameworks/FontServices.framework/libFontParser.dylib
0x000000018f820000 	/System/Library/PrivateFrameworks/RunningBoardServices.framework/Versions/A/RunningBoardServices
0x000000019fcfc000 	/System/Library/PrivateFrameworks/IOSurfaceAccelerator.framework/Versions/A/IOSurfaceAccelerator
0x0000000195091000 	/System/Library/PrivateFrameworks/WatchdogClient.framework/Versions/A/WatchdogClient
0x000000018a44e000 	/System/Library/Frameworks/CoreDisplay.framework/Versions/A/CoreDisplay
0x00000001919fd000 	/System/Library/Frameworks/CoreMedia.framework/Versions/A/CoreMedia
0x0000000191891000 	/System/Library/PrivateFrameworks/IOAccelerator.framework/Versions/A/IOAccelerator
0x000000019065f000 	/System/Library/Frameworks/CoreVideo.framework/Versions/A/CoreVideo
0x0000000193d19000 	/System/Library/Frameworks/MetalPerformanceShaders.framework/Versions/A/MetalPerformanceShaders
0x00000001950ce000 	/System/Library/Frameworks/VideoToolbox.framework/Versions/A/VideoToolbox
0x000000018f764000 	/System/Library/PrivateFrameworks/BaseBoard.framework/Versions/A/BaseBoard
0x000000018f503000 	/System/Library/PrivateFrameworks/ProtocolBuffer.framework/Versions/A/ProtocolBuffer
0x00000001955f7000 	/System/Library/PrivateFrameworks/GPUWrangler.framework/Versions/A/GPUWrangler
0x00000001955d6000 	/System/Library/PrivateFrameworks/IOPresentment.framework/Versions/A/IOPresentment
0x00000001955ff000 	/System/Library/PrivateFrameworks/DSExternalDisplay.framework/Versions/A/DSExternalDisplay
0x00000001ea47c000 	/System/Library/Frameworks/OpenGL.framework/Versions/A/Libraries/libCoreFSCache.dylib
0x00000001f3c67000 	/System/Library/PrivateFrameworks/GPUCompiler.framework/Versions/31001/Libraries/libGPUCompilerUtils.dylib
0x0000000195665000 	/System/Library/PrivateFrameworks/CMCaptureCore.framework/Versions/A/CMCaptureCore
0x0000000194c9e000 	/System/Library/PrivateFrameworks/AppServerSupport.framework/Versions/A/AppServerSupport
0x0000000196e3e000 	/System/Library/PrivateFrameworks/perfdata.framework/Versions/A/perfdata
0x000000018a56e000 	/System/Library/PrivateFrameworks/AudioToolboxCore.framework/Versions/A/AudioToolboxCore
0x00000001919d5000 	/System/Library/PrivateFrameworks/caulk.framework/Versions/A/caulk
0x0000000196733000 	/usr/lib/libAudioStatistics.dylib
0x00000001a8050000 	/System/Library/PrivateFrameworks/SystemPolicy.framework/Versions/A/SystemPolicy
0x0000000196993000 	/usr/lib/libSMC.dylib
0x000000019f568000 	/System/Library/Frameworks/CoreMIDI.framework/Versions/A/CoreMIDI
0x0000000195525000 	/usr/lib/libAudioToolboxUtility.dylib
0x00000001a447d000 	/System/Library/PrivateFrameworks/OSAServicesClient.framework/Versions/A/OSAServicesClient
0x0000000196e4b000 	/usr/lib/libperfcheck.dylib
0x00000001a8b57000 	/usr/lib/libmis.dylib
0x00000001ea4dd000 	/System/Library/Frameworks/OpenGL.framework/Versions/A/Libraries/libGLU.dylib
0x00000001ea49c000 	/System/Library/Frameworks/OpenGL.framework/Versions/A/Libraries/libGFXShared.dylib
0x00000001ea686000 	/System/Library/Frameworks/OpenGL.framework/Versions/A/Libraries/libGL.dylib
0x00000001ea4a5000 	/System/Library/Frameworks/OpenGL.framework/Versions/A/Libraries/libGLImage.dylib
0x00000001ea499000 	/System/Library/Frameworks/OpenGL.framework/Versions/A/Libraries/libCVMSPluginSupport.dylib
0x00000001ea483000 	/System/Library/Frameworks/OpenGL.framework/Versions/A/Libraries/libCoreVMClient.dylib
0x0000000192567000 	/System/Library/Frameworks/MetalPerformanceShaders.framework/Versions/A/Frameworks/MPSCore.framework/Versions/A/MPSCore
0x00000001936d7000 	/System/Library/Frameworks/MetalPerformanceShaders.framework/Versions/A/Frameworks/MPSImage.framework/Versions/A/MPSImage
0x00000001931cd000 	/System/Library/Frameworks/MetalPerformanceShaders.framework/Versions/A/Frameworks/MPSNeuralNetwork.framework/Versions/A/MPSNeuralNetwork
0x000000019360a000 	/System/Library/Frameworks/MetalPerformanceShaders.framework/Versions/A/Frameworks/MPSMatrix.framework/Versions/A/MPSMatrix
0x00000001933e5000 	/System/Library/Frameworks/MetalPerformanceShaders.framework/Versions/A/Frameworks/MPSRayIntersector.framework/Versions/A/MPSRayIntersector
0x000000019363b000 	/System/Library/Frameworks/MetalPerformanceShaders.framework/Versions/A/Frameworks/MPSNDArray.framework/Versions/A/MPSNDArray
0x00000001ec1b4000 	/System/Library/Frameworks/MetalPerformanceShaders.framework/Versions/A/Frameworks/MPSFunctions.framework/Versions/A/MPSFunctions
0x000000018980d000 	/System/Library/PrivateFrameworks/MetalTools.framework/Versions/A/MetalTools
0x00000001925e4000 	/System/Library/PrivateFrameworks/AggregateDictionary.framework/Versions/A/AggregateDictionary
0x00000001944d0000 	/usr/lib/libIOReport.dylib
0x000000019e54f000 	/System/Library/PrivateFrameworks/ASEProcessing.framework/Versions/A/ASEProcessing
0x0000000194843000 	/System/Library/PrivateFrameworks/FaceCore.framework/Versions/A/FaceCore
0x0000000194835000 	/System/Library/PrivateFrameworks/GraphVisualizer.framework/Versions/A/GraphVisualizer
0x00000001f3b7e000 	/System/Library/PrivateFrameworks/FontServices.framework/Versions/A/FontServices
0x0000000194c58000 	/System/Library/PrivateFrameworks/OTSVG.framework/Versions/A/OTSVG
0x000000019022d000 	/System/Library/Frameworks/ApplicationServices.framework/Versions/A/Frameworks/ATS.framework/Versions/A/Resources/libFontRegistry.dylib
0x0000000194ca7000 	/System/Library/PrivateFrameworks/FontServices.framework/libhvf.dylib
0x00000001f3b7f000 	/System/Library/PrivateFrameworks/FontServices.framework/libXTFontStaticRegistryData.dylib
0x00000001ea828000 	/System/Library/Frameworks/OpenCL.framework/Versions/A/OpenCL
0x000000019469e000 	/System/Library/PrivateFrameworks/AppleVA.framework/Versions/A/AppleVA
0x000000019675b000 	/System/Library/Frameworks/ApplicationServices.framework/Versions/A/Frameworks/ATS.framework/Versions/A/ATS
0x000000018ecc7000 	/System/Library/Frameworks/ApplicationServices.framework/Versions/A/Frameworks/HIServices.framework/Versions/A/HIServices
0x000000019566f000 	/System/Library/Frameworks/ApplicationServices.framework/Versions/A/Frameworks/PrintCore.framework/Versions/A/PrintCore
0x0000000196ae6000 	/System/Library/Frameworks/ApplicationServices.framework/Versions/A/Frameworks/QD.framework/Versions/A/QD
0x0000000196ade000 	/System/Library/Frameworks/ApplicationServices.framework/Versions/A/Frameworks/ColorSyncLegacy.framework/Versions/A/ColorSyncLegacy
0x0000000196747000 	/System/Library/Frameworks/ApplicationServices.framework/Versions/A/Frameworks/SpeechSynthesis.framework/Versions/A/SpeechSynthesis
0x0000000195630000 	/System/Library/Frameworks/ApplicationServices.framework/Versions/A/Frameworks/ATSUI.framework/Versions/A/ATSUI
0x0000000196a73000 	/usr/lib/libcups.2.dylib
0x0000000196e59000 	/System/Library/Frameworks/Kerberos.framework/Versions/A/Kerberos
0x0000000196e6a000 	/System/Library/Frameworks/GSS.framework/Versions/A/GSS
0x00000001967ca000 	/usr/lib/libresolv.9.dylib
0x0000000194cb5000 	/System/Library/PrivateFrameworks/Heimdal.framework/Versions/A/Heimdal
0x000000019d7be000 	/System/Library/Frameworks/Kerberos.framework/Versions/A/Libraries/libHeimdalProxy.dylib
0x000000018f8ff000 	/System/Library/Frameworks/Network.framework/Versions/A/Network
0x0000000194705000 	/usr/lib/libheimdal-asn1.dylib
0x0000000196eb0000 	/System/Library/PrivateFrameworks/CommonAuth.framework/Versions/A/CommonAuth
0x00000001966c1000 	/System/Library/PrivateFrameworks/AudioSession.framework/Versions/A/AudioSession
0x0000000194796000 	/System/Library/PrivateFrameworks/MediaExperience.framework/Versions/A/MediaExperience
0x0000000196549000 	/System/Library/PrivateFrameworks/AudioSession.framework/libSessionUtility.dylib
0x0000000196af2000 	/System/Library/PrivateFrameworks/AudioResourceArbitration.framework/Versions/A/AudioResourceArbitration
0x000000019abfd000 	/System/Library/PrivateFrameworks/PowerLog.framework/Versions/A/PowerLog
0x000000019470e000 	/System/Library/PrivateFrameworks/IconFoundation.framework/Versions/A/IconFoundation
0x00000001999ab000 	/System/Library/PrivateFrameworks/SpeechRecognitionCore.framework/Versions/A/SpeechRecognitionCore
0x0000000103ee0000 	/Users/amy/Library/Java/JavaVirtualMachines/openjdk-17.0.2/Contents/Home/lib/server/libjvm.dylib
0x0000000102de8000 	/Users/amy/Library/Java/JavaVirtualMachines/openjdk-17.0.2/Contents/Home/lib/libjimage.dylib
0x0000000102fd4000 	/Users/amy/Library/Java/JavaVirtualMachines/openjdk-17.0.2/Contents/Home/lib/libinstrument.dylib
0x0000000103020000 	/Users/amy/Library/Java/JavaVirtualMachines/openjdk-17.0.2/Contents/Home/lib/libjava.dylib
0x00000001215d0000 	/Users/amy/Library/Java/JavaVirtualMachines/openjdk-17.0.2/Contents/Home/lib/libnio.dylib
0x00000001215f0000 	/Users/amy/Library/Java/JavaVirtualMachines/openjdk-17.0.2/Contents/Home/lib/libnet.dylib
0x0000000103004000 	/Users/amy/Library/Java/JavaVirtualMachines/openjdk-17.0.2/Contents/Home/lib/libzip.dylib
0x0000000121614000 	/Users/amy/.openjfx/cache/17.0.2-ea/libprism_es2.dylib
0x000000018ba4e000 	/System/Library/PrivateFrameworks/CoreServicesInternal.framework/Versions/A/CoreServicesInternal
0x00000001ea690000 	/System/Library/Frameworks/OpenGL.framework/Versions/A/Resources/GLEngine.bundle/GLEngine
0x00000001ea517000 	/System/Library/Frameworks/OpenGL.framework/Versions/A/Libraries/libGLProgrammability.dylib
0x000000012431c000 	/System/Library/Extensions/AppleMetalOpenGLRenderer.bundle/Contents/MacOS/AppleMetalOpenGLRenderer
0x00000001ea7ff000 	/System/Library/Frameworks/OpenGL.framework/Versions/A/Resources/GLRendererFloat.bundle/GLRendererFloat
0x00000001ea8a0000 	/System/Library/Extensions/AGXMetal13_3.bundle/Contents/MacOS/AGXMetal13_3
0x00000001a8b73000 	/System/Library/PrivateFrameworks/GPURawCounter.framework/Versions/A/GPURawCounter
0x00000001a3601000 	/System/Library/PrivateFrameworks/IOGPU.framework/Versions/A/IOGPU
0x00000001243b4000 	/Users/amy/.openjfx/cache/17.0.2-ea/libglass.dylib
0x000000019ae51000 	/System/Library/Frameworks/FileProvider.framework/Versions/A/FileProvider
0x000000018f6cc000 	/System/Library/Frameworks/Accounts.framework/Versions/A/Accounts
0x000000019afd1000 	/System/Library/PrivateFrameworks/GenerationalStorage.framework/Versions/A/GenerationalStorage
0x000000019bb87000 	/System/Library/PrivateFrameworks/CoreSymbolication.framework/Versions/A/CoreSymbolication
0x000000019abf1000 	/System/Library/PrivateFrameworks/SymptomDiagnosticReporter.framework/Versions/A/SymptomDiagnosticReporter
0x000000018cd3a000 	/System/Library/PrivateFrameworks/DesktopServicesPriv.framework/Versions/A/DesktopServicesPriv
0x000000018bbae000 	/usr/lib/libsandbox.1.dylib
0x00000001906ec000 	/System/Library/PrivateFrameworks/UserManagement.framework/Versions/A/UserManagement
0x000000019bb48000 	/System/Library/PrivateFrameworks/DebugSymbols.framework/Versions/A/DebugSymbols
0x0000000196ad1000 	/System/Library/PrivateFrameworks/NetAuth.framework/Versions/A/NetAuth
0x00000001979d4000 	/System/Library/PrivateFrameworks/Sharing.framework/Versions/A/Sharing
0x00000001906bc000 	/System/Library/PrivateFrameworks/login.framework/Versions/A/Frameworks/loginsupport.framework/Versions/A/loginsupport
0x000000019cd00000 	/System/Library/PrivateFrameworks/Apple80211.framework/Versions/A/Apple80211
0x00000001937bb000 	/System/Library/PrivateFrameworks/AuthKit.framework/Versions/A/AuthKit
0x0000000192e49000 	/System/Library/PrivateFrameworks/CoreUtils.framework/Versions/A/CoreUtils
0x0000000192d69000 	/System/Library/Frameworks/CoreWLAN.framework/Versions/A/CoreWLAN
0x0000000197b3e000 	/System/Library/Frameworks/IOBluetooth.framework/Versions/A/IOBluetooth
0x000000019cd60000 	/System/Library/PrivateFrameworks/CoreWiFi.framework/Versions/A/CoreWiFi
0x000000019b72f000 	/System/Library/PrivateFrameworks/FrontBoardServices.framework/Versions/A/FrontBoardServices
0x000000019b7c7000 	/System/Library/PrivateFrameworks/BoardServices.framework/Versions/A/BoardServices
0x0000000193064000 	/System/Library/PrivateFrameworks/AssertionServices.framework/Versions/A/AssertionServices
0x000000019cece000 	/System/Library/PrivateFrameworks/BackBoardServices.framework/Versions/A/BackBoardServices
0x0000000196f43000 	/System/Library/PrivateFrameworks/CorePhoneNumbers.framework/Versions/A/CorePhoneNumbers
0x000000019ad21000 	/System/Library/PrivateFrameworks/DiskManagement.framework/Versions/A/DiskManagement
0x000000019ac24000 	/System/Library/PrivateFrameworks/AppleIDAuthSupport.framework/Versions/A/AppleIDAuthSupport
0x00000001ee49e000 	/System/Library/PrivateFrameworks/AAAFoundation.framework/Versions/A/AAAFoundation
0x0000000196f22000 	/System/Library/PrivateFrameworks/KeychainCircle.framework/Versions/A/KeychainCircle
0x000000019aced000 	/System/Library/PrivateFrameworks/MediaKit.framework/Versions/A/MediaKit
0x000000019ac31000 	/System/Library/Frameworks/DiscRecording.framework/Versions/A/DiscRecording
0x000000019461a000 	/usr/lib/libCoreStorage.dylib
0x000000019d1ca000 	/usr/lib/libcsfde.dylib
0x0000000197c13000 	/System/Library/PrivateFrameworks/ProtectedCloudStorage.framework/Versions/A/ProtectedCloudStorage
0x000000019d1c2000 	/System/Library/PrivateFrameworks/EFILogin.framework/Versions/A/EFILogin
0x000000019aff8000 	/System/Library/PrivateFrameworks/OctagonTrust.framework/Versions/A/OctagonTrust
0x00000001f2dca000 	/System/Library/PrivateFrameworks/CoreUtilsExtras.framework/Versions/A/CoreUtilsExtras
0x000000019ab66000 	/System/Library/Frameworks/CoreBluetooth.framework/Versions/A/CoreBluetooth
0x000000019d843000 	/System/Library/Frameworks/AudioUnit.framework/Versions/A/AudioUnit
0x0000000194612000 	/usr/lib/libMatch.1.dylib
0x00000001ace69000 	/System/Library/Frameworks/Accelerate.framework/Versions/A/Frameworks/vImage.framework/Versions/A/Libraries/libCGInterfaces.dylib
0x0000000125720000 	/usr/lib/libobjc-trampolines.dylib
0x00000001903b9000 	/System/Library/PrivateFrameworks/ViewBridge.framework/Versions/A/ViewBridge
0x00000001275b8000 	/Users/amy/Library/Java/JavaVirtualMachines/openjdk-17.0.2/Contents/Home/lib/libverify.dylib
0x00000001275d4000 	/Users/amy/.openjfx/cache/17.0.2-ea/libjavafx_font.dylib
0x0000000194d63000 	/System/Library/PrivateFrameworks/login.framework/Versions/A/login
0x0000000130e70000 	/Users/amy/.openjfx/cache/17.0.2-ea/libjavafx_iio.dylib
0x0000000206434000 	/usr/lib/libRosetta.dylib


VM Arguments:
jvm_args: -javaagent:/Applications/IntelliJ IDEA.app/Contents/lib/idea_rt.jar=50188:/Applications/IntelliJ IDEA.app/Contents/bin -Dfile.encoding=UTF-8 --module-path=/Users/amy/.m2/repository/org/openjfx/javafx-graphics/17.0.1/javafx-graphics-17.0.1-mac-aarch64.jar:/Users/amy/.m2/repository/org/openjfx/javafx-media/17.0.2/javafx-media-17.0.2-mac-aarch64.jar:/Users/amy/.m2/repository/com/google/inject/guice/5.1.0/guice-5.1.0.jar:/Users/amy/.m2/repository/org/openjfx/javafx-controls/17.0.1/javafx-controls-17.0.1-mac-aarch64.jar:/Users/amy/.m2/repository/org/openjfx/javafx-base/17.0.2/javafx-base-17.0.2-mac-aarch64.jar:/Users/amy/.m2/repository/org/openjfx/javafx-fxml/17.0.1/javafx-fxml-17.0.1-mac-aarch64.jar:/Users/amy/Documents/Peach-OOPD/target/classes:/Users/amy/.m2/repository/com/github/han-yaeger/yaeger/2021.2022.3/yaeger-2021.2022.3.jar -Djdk.module.main=nl.oopd.peach 
java_command: nl.oopd.peach/nl.oopd.peach.Peach
java_class_path (initial): /Users/amy/.m2/repository/org/openjfx/javafx-controls/17.0.1/javafx-controls-17.0.1.jar:/Users/amy/.m2/repository/org/openjfx/javafx-graphics/17.0.1/javafx-graphics-17.0.1.jar:/Users/amy/.m2/repository/org/openjfx/javafx-fxml/17.0.1/javafx-fxml-17.0.1.jar:/Users/amy/.m2/repository/org/openjfx/javafx-base/17.0.2/javafx-base-17.0.2.jar:/Users/amy/.m2/repository/org/openjfx/javafx-media/17.0.2/javafx-media-17.0.2.jar:/Users/amy/.m2/repository/javax/inject/javax.inject/1/javax.inject-1.jar:/Users/amy/.m2/repository/aopalliance/aopalliance/1.0/aopalliance-1.0.jar:/Users/amy/.m2/repository/com/google/guava/guava/30.1-jre/guava-30.1-jre.jar:/Users/amy/.m2/repository/com/google/guava/failureaccess/1.0.1/failureaccess-1.0.1.jar:/Users/amy/.m2/repository/com/google/guava/listenablefuture/9999.0-empty-to-avoid-conflict-with-guava/listenablefuture-9999.0-empty-to-avoid-conflict-with-guava.jar:/Users/amy/.m2/repository/com/google/code/findbugs/jsr305/3.0.2/jsr305-3.0.2.jar:/Users/amy/.m2/repository/org/checkerframework/checker-qual/3.5.0/checker-qual-3.5.0.jar:/Users/amy/.m2/repository/com/google/errorprone/error_prone_annotations/2.3.4/error_prone_annotations-2.3.4.jar:/Users/amy/.m2/repository/com/google/j2objc/j2objc-annotations/1.3/j2objc-annotations-1.3.jar
Launcher Type: SUN_STANDARD

[Global flags]
     intx CICompilerCount                          = 4                                         {product} {ergonomic}
     uint ConcGCThreads                            = 2                                         {product} {ergonomic}
     uint G1ConcRefinementThreads                  = 8                                         {product} {ergonomic}
   size_t G1HeapRegionSize                         = 1048576                                   {product} {ergonomic}
    uintx GCDrainStackTargetSize                   = 64                                        {product} {ergonomic}
   size_t InitialHeapSize                          = 134217728                                 {product} {ergonomic}
   size_t MarkStackSize                            = 4194304                                   {product} {ergonomic}
   size_t MaxHeapSize                              = 2147483648                                {product} {ergonomic}
   size_t MaxNewSize                               = 1287651328                                {product} {ergonomic}
   size_t MinHeapDeltaBytes                        = 1048576                                   {product} {ergonomic}
   size_t MinHeapSize                              = 8388608                                   {product} {ergonomic}
    uintx NonNMethodCodeHeapSize                   = 5839564                                {pd product} {ergonomic}
    uintx NonProfiledCodeHeapSize                  = 122909338                              {pd product} {ergonomic}
    uintx ProfiledCodeHeapSize                     = 122909338                              {pd product} {ergonomic}
    uintx ReservedCodeCacheSize                    = 251658240                              {pd product} {ergonomic}
     bool SegmentedCodeCache                       = true                                      {product} {ergonomic}
   size_t SoftMaxHeapSize                          = 2147483648                             {manageable} {ergonomic}
     bool UseCompressedClassPointers               = true                           {product lp64_product} {ergonomic}
     bool UseCompressedOops                        = true                           {product lp64_product} {ergonomic}
     bool UseG1GC                                  = true                                      {product} {ergonomic}
     bool UseNUMA                                  = false                                     {product} {ergonomic}
     bool UseNUMAInterleaving                      = false                                     {product} {ergonomic}

Logging:
Log output configuration:
 #0: stdout all=warning uptime,level,tags
 #1: stderr all=off uptime,level,tags

Environment Variables:
PATH=/opt/homebrew/bin:/opt/homebrew/sbin:/usr/local/bin:/usr/bin:/bin:/usr/sbin:/sbin
SHELL=/bin/zsh
LC_CTYPE=en_NL.UTF-8

Signal Handlers:
   SIGSEGV: crash_handler in libjvm.dylib, mask=11100110000111110111111111111111, flags=SA_RESTART|SA_SIGINFO
    SIGBUS: crash_handler in libjvm.dylib, mask=11100110000111110111111111111111, flags=SA_RESTART|SA_SIGINFO
    SIGFPE: crash_handler in libjvm.dylib, mask=11100110000111110111111111111111, flags=SA_RESTART|SA_SIGINFO
   SIGPIPE: javaSignalHandler in libjvm.dylib, mask=11100110000111110111111111111111, flags=SA_RESTART|SA_SIGINFO
   SIGXFSZ: javaSignalHandler in libjvm.dylib, mask=11100110000111110111111111111111, flags=SA_RESTART|SA_SIGINFO
    SIGILL: crash_handler in libjvm.dylib, mask=11100110000111110111111111111111, flags=SA_RESTART|SA_SIGINFO
   SIGUSR2: SR_handler in libjvm.dylib, mask=00100000000000000000000000000000, flags=SA_RESTART|SA_SIGINFO
    SIGHUP: UserHandler in libjvm.dylib, mask=11100110000111110111111111111111, flags=SA_RESTART|SA_SIGINFO
    SIGINT: UserHandler in libjvm.dylib, mask=11100110000111110111111111111111, flags=SA_RESTART|SA_SIGINFO
   SIGTERM: UserHandler in libjvm.dylib, mask=11100110000111110111111111111111, flags=SA_RESTART|SA_SIGINFO
   SIGQUIT: UserHandler in libjvm.dylib, mask=11100110000111110111111111111111, flags=SA_RESTART|SA_SIGINFO
   SIGTRAP: crash_handler in libjvm.dylib, mask=11100110000111110111111111111111, flags=SA_RESTART|SA_SIGINFO


---------------  S Y S T E M  ---------------

OS:
uname: Darwin 21.3.0 Darwin Kernel Version 21.3.0: Wed Jan  5 21:37:58 PST 2022; root:xnu-8019.80.24~20/RELEASE_ARM64_T8101 arm64
OS uptime: 2 days 3:43 hours
rlimit (soft/hard): STACK 8176k/65520k , CORE 0k/infinity , NPROC 1333/2000 , NOFILE 10240/infinity , AS infinity/infinity , CPU infinity/infinity , DATA infinity/infinity , FSIZE infinity/infinity , MEMLOCK infinity/infinity , RSS infinity/infinity
load average: 2.17 1.89 1.90

CPU: total 8 (initial active 8) 0x61:0x0:0x1b588bb3:0, fp, simd, crc, lse

Memory: 16k page, physical 8388608k(86672k free), swap 1048576k(1018112k free)

vm_info: OpenJDK 64-Bit Server VM (17.0.2+8-86) for bsd-aarch64 JRE (17.0.2+8-86), built on Dec  7 2021 21:45:06 by "mach5one" with clang Apple LLVM 12.0.0 (clang-1200.0.32.29)

END.
